#
# There is insufficient memory for the Java Runtime Environment to continue.
# Native memory allocation (mmap) failed to map 559939584 bytes for Failed to commit area from 0x0000000731200000 to 0x0000000752800000 of length 559939584.
# Possible reasons:
#   The system is out of physical RAM or swap space
#   The process is running with CompressedOops enabled, and the Java Heap may be blocking the growth of the native heap
# Possible solutions:
#   Reduce memory load on the system
#   Increase physical memory or swap space
#   Check if swap backing store is full
#   Decrease Java heap size (-Xmx/-Xms)
#   Decrease number of Java threads
#   Decrease Java thread stack sizes (-Xss)
#   Set larger code cache with -XX:ReservedCodeCacheSize=
#   JVM is running with Zero Based Compressed Oops mode in which the Java heap is
#     placed in the first 32GB address space. The Java Heap base address is the
#     maximum limit for the native heap growth. Please use -XX:HeapBaseMinAddress
#     to set the Java Heap base and to place the Java Heap above 32GB virtual address.
# This output file may be truncated or incomplete.
#
#  Out of Memory Error (t:/workspace/open/src/hotspot/os/windows/os_windows.cpp:3301), pid=11896, tid=8724
#
# JRE version: Java(TM) SE Runtime Environment (13.0.1+9) (build 13.0.1+9)
# Java VM: Java HotSpot(TM) 64-Bit Server VM (13.0.1+9, mixed mode, sharing, tiered, compressed oops, g1 gc, windows-amd64)
# No core dump will be written. Minidumps are not enabled by default on client versions of Windows
#

---------------  S U M M A R Y ------------

Command Line: -Dfile.encoding=UTF-8 Chatbot

Host: AMD Ryzen 5 3550H with Radeon Vega Mobile Gfx  , 8 cores, 14G,  Windows 10 , 64 bit Build 18362 (10.0.18362.329)
Time: Wed Mar 11 19:27:37 2020 им????ио??ив?и║б└ elapsed time: 4 seconds (0d 0h 0m 4s)

---------------  T H R E A D  ---------------

Current thread (0x00000183e2c7c000):  VMThread "VM Thread" [stack: 0x0000002764200000,0x0000002764300000] [id=8724]

Stack: [0x0000002764200000,0x0000002764300000]
[error occurred during error reporting (printing stack bounds), id 0xc0000005, EXCEPTION_ACCESS_VIOLATION (0xc0000005) at pc=0x00000183c78810ad]

Native frames: (J=compiled Java code, j=interpreted, Vv=VM code, C=native code)
V  [jvm.dll+0x626eca]
V  [jvm.dll+0x772c6a]
V  [jvm.dll+0x77441f]
V  [jvm.dll+0x774985]
V  [jvm.dll+0x77493b]
V  [jvm.dll+0x6266ff]
C  [ntdll.dll+0x78636]
C  [ntdll.dll+0x6a0d6]
C  [ntdll.dll+0x9fe6e]
C  0x00000183c78810ad

VM_Operation (0x0000002763cfdc70): G1CollectForAllocation, mode: safepoint, requested by thread 0x00000183bdaeb000


---------------  P R O C E S S  ---------------

Threads class SMR info:
_java_thread_list=0x00000183e4a08cf0, length=11, elements={
0x00000183bdaeb000, 0x00000183e2c7f800, 0x00000183e2c83800, 0x00000183e2ca2800,
0x00000183e2ca3800, 0x00000183e2ca9000, 0x00000183e2caf800, 0x00000183e2cb9000,
0x00000183e369f800, 0x00000183e36a5000, 0x00000183e46b3800
}

Java Threads: ( => current thread )
  0x00000183bdaeb000 JavaThread "main" [_thread_blocked, id=9816, stack(0x0000002763c00000,0x0000002763d00000)]
  0x00000183e2c7f800 JavaThread "Reference Handler" daemon [_thread_blocked, id=24120, stack(0x0000002764300000,0x0000002764400000)]
  0x00000183e2c83800 JavaThread "Finalizer" daemon [_thread_blocked, id=13632, stack(0x0000002764400000,0x0000002764500000)]
  0x00000183e2ca2800 JavaThread "Signal Dispatcher" daemon [_thread_blocked, id=11716, stack(0x0000002764500000,0x0000002764600000)]
  0x00000183e2ca3800 JavaThread "Attach Listener" daemon [_thread_blocked, id=2344, stack(0x0000002764600000,0x0000002764700000)]
  0x00000183e2ca9000 JavaThread "C2 CompilerThread0" daemon [_thread_blocked, id=16184, stack(0x0000002764700000,0x0000002764800000)]
  0x00000183e2caf800 JavaThread "C1 CompilerThread0" daemon [_thread_blocked, id=8780, stack(0x0000002764800000,0x0000002764900000)]
  0x00000183e2cb9000 JavaThread "Sweeper thread" daemon [_thread_blocked, id=17088, stack(0x0000002764900000,0x0000002764a00000)]
  0x00000183e369f800 JavaThread "Service Thread" daemon [_thread_blocked, id=28928, stack(0x0000002764a00000,0x0000002764b00000)]
  0x00000183e36a5000 JavaThread "Common-Cleaner" daemon [_thread_blocked, id=26408, stack(0x0000002764c00000,0x0000002764d00000)]
  0x00000183e46b3800 JavaThread "C2 CompilerThread1" daemon [_thread_blocked, id=21512, stack(0x0000002764d00000,0x0000002764e00000)]

Other Threads:
=>0x00000183e2c7c000 VMThread "VM Thread" [stack: 0x0000002764200000,0x0000002764300000] [id=8724]
  0x00000183e36a2000 WatcherThread [stack: 0x0000002764b00000,0x0000002764c00000] [id=22492]
  0x00000183bdc01000 GCTaskThread "GC Thread#0" [stack: 0x0000002763d00000,0x0000002763e00000] [id=3272]
  0x00000183e3c84800 GCTaskThread "GC Thread#1" [stack: 0x0000002764f00000,0x0000002765000000] [id=700]
  0x00000183e3b5a800 GCTaskThread "GC Thread#2" [stack: 0x0000002765000000,0x0000002765100000] [id=22920]
  0x00000183e3b19800 GCTaskThread "GC Thread#3" [stack: 0x0000002765100000,0x0000002765200000] [id=28640]
  0x00000183e3be7800 GCTaskThread "GC Thread#4" [stack: 0x0000002765200000,0x0000002765300000] [id=28684]
  0x00000183e3ba9800 GCTaskThread "GC Thread#5" [stack: 0x0000002765700000,0x0000002765800000] [id=1172]
  0x00000183e4e98800 GCTaskThread "GC Thread#6" [stack: 0x0000002765800000,0x0000002765900000] [id=1704]
  0x00000183e441f000 GCTaskThread "GC Thread#7" [stack: 0x0000002765b00000,0x0000002765c00000] [id=18696]
  0x00000183bdc21800 ConcurrentGCThread "G1 Main Marker" [stack: 0x0000002763e00000,0x0000002763f00000] [id=20660]
  0x00000183bdc22800 ConcurrentGCThread "G1 Conc#0" [stack: 0x0000002763f00000,0x0000002764000000] [id=1600]
  0x00000183e2b78800 ConcurrentGCThread "G1 Refine#0" [stack: 0x0000002764000000,0x0000002764100000] [id=13796]
  0x00000183e36e7000 ConcurrentGCThread "G1 Refine#1" [stack: 0x0000002765300000,0x0000002765400000] [id=14208]
  0x00000183e3ba6000 ConcurrentGCThread "G1 Refine#2" [stack: 0x0000002765400000,0x0000002765500000] [id=16840]
  0x00000183e3ba6800 ConcurrentGCThread "G1 Refine#3" [stack: 0x0000002765500000,0x0000002765600000] [id=7244]
  0x00000183e54cd800 ConcurrentGCThread "G1 Refine#4" [stack: 0x0000002765600000,0x0000002765700000] [id=18224]
  0x00000183e3c44000 ConcurrentGCThread "G1 Refine#5" [stack: 0x0000002765900000,0x0000002765a00000] [id=13956]
  0x00000183e45ed800 ConcurrentGCThread "G1 Refine#6" [stack: 0x0000002765a00000,0x0000002765b00000] [id=20236]
  0x00000183e2b79800 ConcurrentGCThread "G1 Young RemSet Sampling" [stack: 0x0000002764100000,0x0000002764200000] [id=14048]

Threads with active compile tasks:
C1 CompilerThread0     4598  846       3       java.lang.ref.PhantomReference::<init> (7 bytes)

VM state:at safepoint (normal execution)

VM Mutex/Monitor currently owned by a thread:  ([mutex/lock_event])
[0x00000183bdba04b0] Threads_lock - owner thread: 0x00000183e2c7c000
[0x00000183bdba0030] Heap_lock - owner thread: 0x00000183bdaeb000

Heap address: 0x0000000711e00000, size: 3810 MB, Compressed Oops mode: Zero based, Oop shift amount: 3
Narrow klass base: 0x0000000800000000, Narrow klass shift: 3
Compressed class space size: 1073741824 Address: 0x0000000800b40000

Heap:
 garbage-first heap   total 1058816K, used 189258K [0x0000000711e00000, 0x0000000800000000)
  region size 1024K, 3 young (3072K), 3 survivors (3072K)
 Metaspace       used 1454K, capacity 4864K, committed 5120K, reserved 1056768K
  class space    used 95K, capacity 451K, committed 512K, reserved 1048576K
Heap Regions: E=young(eden), S=young(survivor), O=old, HS=humongous(starts), HC=humongous(continues), CS=collection set, F=free, A=archive, TAMS=top-at-mark-start (previous, next)
|   0|0x0000000711e00000, 0x0000000711f00000, 0x0000000711f00000|100%| O|  |TAMS 0x0000000711e00000, 0x0000000711e00000| Untracked 
|   1|0x0000000711f00000, 0x0000000712000000, 0x0000000712000000|100%| O|  |TAMS 0x0000000711f00000, 0x0000000711f00000| Untracked 
|   2|0x0000000712000000, 0x0000000712100000, 0x0000000712100000|100%| O|  |TAMS 0x0000000712000000, 0x0000000712000000| Untracked 
|   3|0x0000000712100000, 0x0000000712200000, 0x0000000712200000|100%| O|  |TAMS 0x0000000712100000, 0x0000000712100000| Untracked 
|   4|0x0000000712200000, 0x0000000712300000, 0x0000000712300000|100%| O|  |TAMS 0x0000000712200000, 0x0000000712200000| Untracked 
|   5|0x0000000712300000, 0x0000000712400000, 0x0000000712400000|100%| O|  |TAMS 0x0000000712300000, 0x0000000712300000| Untracked 
|   6|0x0000000712400000, 0x0000000712500000, 0x0000000712500000|100%| O|  |TAMS 0x0000000712400000, 0x0000000712400000| Untracked 
|   7|0x0000000712500000, 0x0000000712600000, 0x0000000712600000|100%| O|  |TAMS 0x0000000712500000, 0x0000000712500000| Untracked 
|   8|0x0000000712600000, 0x0000000712700000, 0x0000000712700000|100%| O|  |TAMS 0x0000000712600000, 0x0000000712600000| Untracked 
|   9|0x0000000712700000, 0x0000000712800000, 0x0000000712800000|100%| O|  |TAMS 0x0000000712700000, 0x0000000712700000| Untracked 
|  10|0x0000000712800000, 0x0000000712900000, 0x0000000712900000|100%| O|  |TAMS 0x0000000712800000, 0x0000000712800000| Untracked 
|  11|0x0000000712900000, 0x0000000712a00000, 0x0000000712a00000|100%| O|  |TAMS 0x0000000712900000, 0x0000000712900000| Untracked 
|  12|0x0000000712a00000, 0x0000000712b00000, 0x0000000712b00000|100%| O|  |TAMS 0x0000000712a00000, 0x0000000712a00000| Untracked 
|  13|0x0000000712b00000, 0x0000000712c00000, 0x0000000712c00000|100%| O|  |TAMS 0x0000000712b00000, 0x0000000712b00000| Untracked 
|  14|0x0000000712c00000, 0x0000000712d00000, 0x0000000712d00000|100%| O|  |TAMS 0x0000000712c00000, 0x0000000712c00000| Untracked 
|  15|0x0000000712d00000, 0x0000000712e00000, 0x0000000712e00000|100%| O|  |TAMS 0x0000000712d00000, 0x0000000712d00000| Untracked 
|  16|0x0000000712e00000, 0x0000000712f00000, 0x0000000712f00000|100%| O|  |TAMS 0x0000000712e00000, 0x0000000712e00000| Untracked 
|  17|0x0000000712f00000, 0x0000000713000000, 0x0000000713000000|100%| O|  |TAMS 0x0000000712f00000, 0x0000000712f00000| Untracked 
|  18|0x0000000713000000, 0x0000000713100000, 0x0000000713100000|100%| O|  |TAMS 0x0000000713000000, 0x0000000713000000| Untracked 
|  19|0x0000000713100000, 0x0000000713200000, 0x0000000713200000|100%| O|  |TAMS 0x0000000713100000, 0x0000000713100000| Untracked 
|  20|0x0000000713200000, 0x0000000713300000, 0x0000000713300000|100%| O|  |TAMS 0x0000000713200000, 0x0000000713200000| Untracked 
|  21|0x0000000713300000, 0x0000000713400000, 0x0000000713400000|100%| O|  |TAMS 0x0000000713300000, 0x0000000713300000| Untracked 
|  22|0x0000000713400000, 0x0000000713500000, 0x0000000713500000|100%| O|  |TAMS 0x0000000713400000, 0x0000000713400000| Untracked 
|  23|0x0000000713500000, 0x0000000713600000, 0x0000000713600000|100%| O|  |TAMS 0x0000000713500000, 0x0000000713500000| Untracked 
|  24|0x0000000713600000, 0x0000000713700000, 0x0000000713700000|100%| O|  |TAMS 0x0000000713600000, 0x0000000713600000| Untracked 
|  25|0x0000000713700000, 0x0000000713800000, 0x0000000713800000|100%| O|  |TAMS 0x0000000713700000, 0x0000000713700000| Untracked 
|  26|0x0000000713800000, 0x0000000713900000, 0x0000000713900000|100%| O|  |TAMS 0x0000000713800000, 0x0000000713800000| Untracked 
|  27|0x0000000713900000, 0x0000000713a00000, 0x0000000713a00000|100%| O|  |TAMS 0x0000000713900000, 0x0000000713900000| Untracked 
|  28|0x0000000713a00000, 0x0000000713b00000, 0x0000000713b00000|100%| O|  |TAMS 0x0000000713a00000, 0x0000000713a00000| Untracked 
|  29|0x0000000713b00000, 0x0000000713c00000, 0x0000000713c00000|100%| O|  |TAMS 0x0000000713b00000, 0x0000000713b00000| Untracked 
|  30|0x0000000713c00000, 0x0000000713d00000, 0x0000000713d00000|100%| O|  |TAMS 0x0000000713c00000, 0x0000000713c00000| Untracked 
|  31|0x0000000713d00000, 0x0000000713e00000, 0x0000000713e00000|100%| O|  |TAMS 0x0000000713d00000, 0x0000000713d00000| Untracked 
|  32|0x0000000713e00000, 0x0000000713f00000, 0x0000000713f00000|100%| O|  |TAMS 0x0000000713e00000, 0x0000000713e00000| Untracked 
|  33|0x0000000713f00000, 0x0000000714000000, 0x0000000714000000|100%| O|  |TAMS 0x0000000713f00000, 0x0000000713f00000| Untracked 
|  34|0x0000000714000000, 0x0000000714100000, 0x0000000714100000|100%| O|  |TAMS 0x0000000714000000, 0x0000000714000000| Untracked 
|  35|0x0000000714100000, 0x0000000714200000, 0x0000000714200000|100%| O|  |TAMS 0x0000000714100000, 0x0000000714100000| Untracked 
|  36|0x0000000714200000, 0x0000000714300000, 0x0000000714300000|100%| O|  |TAMS 0x0000000714200000, 0x0000000714200000| Untracked 
|  37|0x0000000714300000, 0x0000000714400000, 0x0000000714400000|100%| O|  |TAMS 0x0000000714300000, 0x0000000714300000| Untracked 
|  38|0x0000000714400000, 0x0000000714500000, 0x0000000714500000|100%| O|  |TAMS 0x0000000714400000, 0x0000000714400000| Untracked 
|  39|0x0000000714500000, 0x0000000714600000, 0x0000000714600000|100%| O|  |TAMS 0x0000000714500000, 0x0000000714500000| Untracked 
|  40|0x0000000714600000, 0x0000000714700000, 0x0000000714700000|100%| O|  |TAMS 0x0000000714600000, 0x0000000714600000| Untracked 
|  41|0x0000000714700000, 0x0000000714800000, 0x0000000714800000|100%| O|  |TAMS 0x0000000714700000, 0x0000000714700000| Untracked 
|  42|0x0000000714800000, 0x0000000714900000, 0x0000000714900000|100%| O|  |TAMS 0x0000000714800000, 0x0000000714800000| Untracked 
|  43|0x0000000714900000, 0x0000000714a00000, 0x0000000714a00000|100%| O|  |TAMS 0x0000000714900000, 0x0000000714900000| Untracked 
|  44|0x0000000714a00000, 0x0000000714b00000, 0x0000000714b00000|100%| O|  |TAMS 0x0000000714a00000, 0x0000000714a00000| Untracked 
|  45|0x0000000714b00000, 0x0000000714c00000, 0x0000000714c00000|100%| O|  |TAMS 0x0000000714b00000, 0x0000000714b00000| Untracked 
|  46|0x0000000714c00000, 0x0000000714d00000, 0x0000000714d00000|100%| O|  |TAMS 0x0000000714c00000, 0x0000000714c00000| Untracked 
|  47|0x0000000714d00000, 0x0000000714e00000, 0x0000000714e00000|100%| O|  |TAMS 0x0000000714d00000, 0x0000000714d00000| Untracked 
|  48|0x0000000714e00000, 0x0000000714f00000, 0x0000000714f00000|100%| O|  |TAMS 0x0000000714e00000, 0x0000000714e00000| Untracked 
|  49|0x0000000714f00000, 0x0000000715000000, 0x0000000715000000|100%| O|  |TAMS 0x0000000714f00000, 0x0000000714f00000| Untracked 
|  50|0x0000000715000000, 0x0000000715100000, 0x0000000715100000|100%| O|  |TAMS 0x0000000715000000, 0x0000000715000000| Untracked 
|  51|0x0000000715100000, 0x0000000715200000, 0x0000000715200000|100%| O|  |TAMS 0x0000000715100000, 0x0000000715100000| Untracked 
|  52|0x0000000715200000, 0x0000000715300000, 0x0000000715300000|100%| O|  |TAMS 0x0000000715200000, 0x0000000715200000| Untracked 
|  53|0x0000000715300000, 0x0000000715400000, 0x0000000715400000|100%| O|  |TAMS 0x0000000715300000, 0x0000000715300000| Untracked 
|  54|0x0000000715400000, 0x0000000715500000, 0x0000000715500000|100%| O|  |TAMS 0x0000000715400000, 0x0000000715400000| Untracked 
|  55|0x0000000715500000, 0x0000000715600000, 0x0000000715600000|100%| O|  |TAMS 0x0000000715500000, 0x0000000715500000| Untracked 
|  56|0x0000000715600000, 0x0000000715700000, 0x0000000715700000|100%| O|  |TAMS 0x0000000715600000, 0x0000000715600000| Untracked 
|  57|0x0000000715700000, 0x0000000715800000, 0x0000000715800000|100%| O|  |TAMS 0x0000000715700000, 0x0000000715700000| Untracked 
|  58|0x0000000715800000, 0x0000000715900000, 0x0000000715900000|100%| O|  |TAMS 0x0000000715800000, 0x0000000715800000| Untracked 
|  59|0x0000000715900000, 0x0000000715a00000, 0x0000000715a00000|100%| O|  |TAMS 0x0000000715900000, 0x0000000715900000| Untracked 
|  60|0x0000000715a00000, 0x0000000715b00000, 0x0000000715b00000|100%| O|  |TAMS 0x0000000715a00000, 0x0000000715a00000| Untracked 
|  61|0x0000000715b00000, 0x0000000715c00000, 0x0000000715c00000|100%| O|  |TAMS 0x0000000715b00000, 0x0000000715b00000| Untracked 
|  62|0x0000000715c00000, 0x0000000715d00000, 0x0000000715d00000|100%| O|  |TAMS 0x0000000715c00000, 0x0000000715c00000| Untracked 
|  63|0x0000000715d00000, 0x0000000715e00000, 0x0000000715e00000|100%| O|  |TAMS 0x0000000715d00000, 0x0000000715d00000| Untracked 
|  64|0x0000000715e00000, 0x0000000715f00000, 0x0000000715f00000|100%| O|  |TAMS 0x0000000715e00000, 0x0000000715e00000| Untracked 
|  65|0x0000000715f00000, 0x0000000716000000, 0x0000000716000000|100%| O|  |TAMS 0x0000000715f00000, 0x0000000715f00000| Untracked 
|  66|0x0000000716000000, 0x0000000716100000, 0x0000000716100000|100%| O|  |TAMS 0x0000000716000000, 0x0000000716000000| Untracked 
|  67|0x0000000716100000, 0x0000000716200000, 0x0000000716200000|100%| O|  |TAMS 0x0000000716100000, 0x0000000716100000| Untracked 
|  68|0x0000000716200000, 0x0000000716300000, 0x0000000716300000|100%| O|  |TAMS 0x0000000716200000, 0x0000000716200000| Untracked 
|  69|0x0000000716300000, 0x0000000716400000, 0x0000000716400000|100%| O|  |TAMS 0x0000000716300000, 0x0000000716300000| Untracked 
|  70|0x0000000716400000, 0x0000000716500000, 0x0000000716500000|100%| O|  |TAMS 0x0000000716400000, 0x0000000716400000| Untracked 
|  71|0x0000000716500000, 0x0000000716600000, 0x0000000716600000|100%| O|  |TAMS 0x0000000716500000, 0x0000000716500000| Untracked 
|  72|0x0000000716600000, 0x0000000716700000, 0x0000000716700000|100%| O|  |TAMS 0x0000000716600000, 0x0000000716600000| Untracked 
|  73|0x0000000716700000, 0x0000000716800000, 0x0000000716800000|100%| O|  |TAMS 0x0000000716700000, 0x0000000716700000| Untracked 
|  74|0x0000000716800000, 0x0000000716900000, 0x0000000716900000|100%| O|  |TAMS 0x0000000716800000, 0x0000000716800000| Untracked 
|  75|0x0000000716900000, 0x0000000716a00000, 0x0000000716a00000|100%| O|  |TAMS 0x0000000716900000, 0x0000000716900000| Untracked 
|  76|0x0000000716a00000, 0x0000000716b00000, 0x0000000716b00000|100%| O|  |TAMS 0x0000000716a00000, 0x0000000716a00000| Untracked 
|  77|0x0000000716b00000, 0x0000000716c00000, 0x0000000716c00000|100%| O|  |TAMS 0x0000000716b00000, 0x0000000716b00000| Untracked 
|  78|0x0000000716c00000, 0x0000000716d00000, 0x0000000716d00000|100%| O|  |TAMS 0x0000000716c00000, 0x0000000716c00000| Untracked 
|  79|0x0000000716d00000, 0x0000000716e00000, 0x0000000716e00000|100%| O|  |TAMS 0x0000000716d00000, 0x0000000716d00000| Untracked 
|  80|0x0000000716e00000, 0x0000000716f00000, 0x0000000716f00000|100%| O|  |TAMS 0x0000000716e00000, 0x0000000716e00000| Untracked 
|  81|0x0000000716f00000, 0x0000000717000000, 0x0000000717000000|100%| O|  |TAMS 0x0000000716f00000, 0x0000000716f00000| Untracked 
|  82|0x0000000717000000, 0x0000000717100000, 0x0000000717100000|100%| O|  |TAMS 0x0000000717000000, 0x0000000717000000| Untracked 
|  83|0x0000000717100000, 0x0000000717200000, 0x0000000717200000|100%| O|  |TAMS 0x0000000717100000, 0x0000000717100000| Untracked 
|  84|0x0000000717200000, 0x0000000717300000, 0x0000000717300000|100%| O|  |TAMS 0x0000000717200000, 0x0000000717200000| Untracked 
|  85|0x0000000717300000, 0x0000000717400000, 0x0000000717400000|100%| O|  |TAMS 0x0000000717300000, 0x0000000717300000| Untracked 
|  86|0x0000000717400000, 0x0000000717500000, 0x0000000717500000|100%| O|  |TAMS 0x0000000717400000, 0x0000000717400000| Untracked 
|  87|0x0000000717500000, 0x0000000717600000, 0x0000000717600000|100%| O|  |TAMS 0x0000000717500000, 0x0000000717500000| Untracked 
|  88|0x0000000717600000, 0x0000000717700000, 0x0000000717700000|100%| O|  |TAMS 0x0000000717600000, 0x0000000717600000| Untracked 
|  89|0x0000000717700000, 0x0000000717800000, 0x0000000717800000|100%| O|  |TAMS 0x0000000717700000, 0x0000000717700000| Untracked 
|  90|0x0000000717800000, 0x0000000717900000, 0x0000000717900000|100%| O|  |TAMS 0x0000000717800000, 0x0000000717800000| Untracked 
|  91|0x0000000717900000, 0x0000000717a00000, 0x0000000717a00000|100%| O|  |TAMS 0x0000000717900000, 0x0000000717900000| Untracked 
|  92|0x0000000717a00000, 0x0000000717b00000, 0x0000000717b00000|100%| O|  |TAMS 0x0000000717a00000, 0x0000000717a00000| Untracked 
|  93|0x0000000717b00000, 0x0000000717c00000, 0x0000000717c00000|100%| O|  |TAMS 0x0000000717b00000, 0x0000000717b00000| Untracked 
|  94|0x0000000717c00000, 0x0000000717d00000, 0x0000000717d00000|100%| O|  |TAMS 0x0000000717c00000, 0x0000000717c00000| Untracked 
|  95|0x0000000717d00000, 0x0000000717e00000, 0x0000000717e00000|100%| O|  |TAMS 0x0000000717d00000, 0x0000000717d00000| Untracked 
|  96|0x0000000717e00000, 0x0000000717f00000, 0x0000000717f00000|100%| O|  |TAMS 0x0000000717e00000, 0x0000000717e00000| Untracked 
|  97|0x0000000717f00000, 0x0000000718000000, 0x0000000718000000|100%| O|  |TAMS 0x0000000717f00000, 0x0000000717f00000| Untracked 
|  98|0x0000000718000000, 0x0000000718100000, 0x0000000718100000|100%| O|  |TAMS 0x0000000718000000, 0x0000000718000000| Untracked 
|  99|0x0000000718100000, 0x0000000718200000, 0x0000000718200000|100%| O|  |TAMS 0x0000000718100000, 0x0000000718100000| Untracked 
| 100|0x0000000718200000, 0x0000000718300000, 0x0000000718300000|100%| O|  |TAMS 0x0000000718200000, 0x0000000718200000| Untracked 
| 101|0x0000000718300000, 0x0000000718400000, 0x0000000718400000|100%| O|  |TAMS 0x0000000718300000, 0x0000000718300000| Untracked 
| 102|0x0000000718400000, 0x0000000718500000, 0x0000000718500000|100%| O|  |TAMS 0x0000000718400000, 0x0000000718400000| Untracked 
| 103|0x0000000718500000, 0x0000000718600000, 0x0000000718600000|100%| O|  |TAMS 0x0000000718500000, 0x0000000718500000| Untracked 
| 104|0x0000000718600000, 0x0000000718700000, 0x0000000718700000|100%| O|  |TAMS 0x0000000718600000, 0x0000000718600000| Untracked 
| 105|0x0000000718700000, 0x0000000718800000, 0x0000000718800000|100%| O|  |TAMS 0x0000000718700000, 0x0000000718700000| Untracked 
| 106|0x0000000718800000, 0x0000000718900000, 0x0000000718900000|100%| O|  |TAMS 0x0000000718800000, 0x0000000718800000| Untracked 
| 107|0x0000000718900000, 0x0000000718a00000, 0x0000000718a00000|100%| O|  |TAMS 0x0000000718900000, 0x0000000718900000| Untracked 
| 108|0x0000000718a00000, 0x0000000718b00000, 0x0000000718b00000|100%| O|  |TAMS 0x0000000718a00000, 0x0000000718a00000| Untracked 
| 109|0x0000000718b00000, 0x0000000718c00000, 0x0000000718c00000|100%| O|  |TAMS 0x0000000718b00000, 0x0000000718b00000| Untracked 
| 110|0x0000000718c00000, 0x0000000718d00000, 0x0000000718d00000|100%| O|  |TAMS 0x0000000718c00000, 0x0000000718c00000| Untracked 
| 111|0x0000000718d00000, 0x0000000718e00000, 0x0000000718e00000|100%| O|  |TAMS 0x0000000718d00000, 0x0000000718d00000| Untracked 
| 112|0x0000000718e00000, 0x0000000718f00000, 0x0000000718f00000|100%| O|  |TAMS 0x0000000718e00000, 0x0000000718e00000| Untracked 
| 113|0x0000000718f00000, 0x0000000719000000, 0x0000000719000000|100%| O|  |TAMS 0x0000000718f00000, 0x0000000718f00000| Untracked 
| 114|0x0000000719000000, 0x0000000719100000, 0x0000000719100000|100%| O|  |TAMS 0x0000000719000000, 0x0000000719000000| Untracked 
| 115|0x0000000719100000, 0x0000000719200000, 0x0000000719200000|100%| O|  |TAMS 0x0000000719100000, 0x0000000719100000| Untracked 
| 116|0x0000000719200000, 0x0000000719300000, 0x0000000719300000|100%| O|  |TAMS 0x0000000719200000, 0x0000000719200000| Untracked 
| 117|0x0000000719300000, 0x0000000719400000, 0x0000000719400000|100%| O|  |TAMS 0x0000000719300000, 0x0000000719300000| Untracked 
| 118|0x0000000719400000, 0x0000000719500000, 0x0000000719500000|100%| O|  |TAMS 0x0000000719400000, 0x0000000719400000| Untracked 
| 119|0x0000000719500000, 0x0000000719600000, 0x0000000719600000|100%| O|  |TAMS 0x0000000719500000, 0x0000000719500000| Untracked 
| 120|0x0000000719600000, 0x0000000719700000, 0x0000000719700000|100%| O|  |TAMS 0x0000000719600000, 0x0000000719600000| Untracked 
| 121|0x0000000719700000, 0x0000000719800000, 0x0000000719800000|100%| O|  |TAMS 0x0000000719700000, 0x0000000719700000| Untracked 
| 122|0x0000000719800000, 0x0000000719900000, 0x0000000719900000|100%| O|  |TAMS 0x0000000719800000, 0x0000000719800000| Untracked 
| 123|0x0000000719900000, 0x0000000719a00000, 0x0000000719a00000|100%| O|  |TAMS 0x0000000719900000, 0x0000000719900000| Untracked 
| 124|0x0000000719a00000, 0x0000000719b00000, 0x0000000719b00000|100%| O|  |TAMS 0x0000000719a00000, 0x0000000719a00000| Untracked 
| 125|0x0000000719b00000, 0x0000000719c00000, 0x0000000719c00000|100%| O|  |TAMS 0x0000000719b00000, 0x0000000719b00000| Untracked 
| 126|0x0000000719c00000, 0x0000000719d00000, 0x0000000719d00000|100%| O|  |TAMS 0x0000000719c00000, 0x0000000719c00000| Untracked 
| 127|0x0000000719d00000, 0x0000000719e00000, 0x0000000719e00000|100%| O|  |TAMS 0x0000000719d00000, 0x0000000719d00000| Untracked 
| 128|0x0000000719e00000, 0x0000000719f00000, 0x0000000719f00000|100%| O|  |TAMS 0x0000000719e00000, 0x0000000719e00000| Untracked 
| 129|0x0000000719f00000, 0x000000071a000000, 0x000000071a000000|100%| O|  |TAMS 0x0000000719f00000, 0x0000000719f00000| Untracked 
| 130|0x000000071a000000, 0x000000071a100000, 0x000000071a100000|100%| O|  |TAMS 0x000000071a000000, 0x000000071a000000| Untracked 
| 131|0x000000071a100000, 0x000000071a200000, 0x000000071a200000|100%| O|  |TAMS 0x000000071a100000, 0x000000071a100000| Untracked 
| 132|0x000000071a200000, 0x000000071a300000, 0x000000071a300000|100%| O|  |TAMS 0x000000071a200000, 0x000000071a200000| Untracked 
| 133|0x000000071a300000, 0x000000071a400000, 0x000000071a400000|100%| O|  |TAMS 0x000000071a300000, 0x000000071a300000| Untracked 
| 134|0x000000071a400000, 0x000000071a500000, 0x000000071a500000|100%| O|  |TAMS 0x000000071a400000, 0x000000071a400000| Untracked 
| 135|0x000000071a500000, 0x000000071a600000, 0x000000071a600000|100%| O|  |TAMS 0x000000071a500000, 0x000000071a500000| Untracked 
| 136|0x000000071a600000, 0x000000071a700000, 0x000000071a700000|100%| O|  |TAMS 0x000000071a600000, 0x000000071a600000| Untracked 
| 137|0x000000071a700000, 0x000000071a800000, 0x000000071a800000|100%| O|  |TAMS 0x000000071a700000, 0x000000071a700000| Untracked 
| 138|0x000000071a800000, 0x000000071a900000, 0x000000071a900000|100%| O|  |TAMS 0x000000071a800000, 0x000000071a800000| Untracked 
| 139|0x000000071a900000, 0x000000071aa00000, 0x000000071aa00000|100%| O|  |TAMS 0x000000071a900000, 0x000000071a900000| Untracked 
| 140|0x000000071aa00000, 0x000000071ab00000, 0x000000071ab00000|100%| O|  |TAMS 0x000000071aa00000, 0x000000071aa00000| Untracked 
| 141|0x000000071ab00000, 0x000000071ac00000, 0x000000071ac00000|100%| O|  |TAMS 0x000000071ab00000, 0x000000071ab00000| Untracked 
| 142|0x000000071ac00000, 0x000000071ad00000, 0x000000071ad00000|100%| O|  |TAMS 0x000000071ac00000, 0x000000071ac00000| Untracked 
| 143|0x000000071ad00000, 0x000000071ae00000, 0x000000071ae00000|100%| O|  |TAMS 0x000000071ad00000, 0x000000071ad00000| Untracked 
| 144|0x000000071ae00000, 0x000000071af00000, 0x000000071af00000|100%| O|  |TAMS 0x000000071ae00000, 0x000000071ae00000| Untracked 
| 145|0x000000071af00000, 0x000000071b000000, 0x000000071b000000|100%| O|  |TAMS 0x000000071af00000, 0x000000071af00000| Untracked 
| 146|0x000000071b000000, 0x000000071b100000, 0x000000071b100000|100%| O|  |TAMS 0x000000071b000000, 0x000000071b000000| Untracked 
| 147|0x000000071b100000, 0x000000071b200000, 0x000000071b200000|100%| O|  |TAMS 0x000000071b100000, 0x000000071b100000| Untracked 
| 148|0x000000071b200000, 0x000000071b300000, 0x000000071b300000|100%| O|  |TAMS 0x000000071b200000, 0x000000071b200000| Untracked 
| 149|0x000000071b300000, 0x000000071b400000, 0x000000071b400000|100%| O|  |TAMS 0x000000071b300000, 0x000000071b300000| Untracked 
| 150|0x000000071b400000, 0x000000071b500000, 0x000000071b500000|100%| O|  |TAMS 0x000000071b400000, 0x000000071b400000| Untracked 
| 151|0x000000071b500000, 0x000000071b600000, 0x000000071b600000|100%| O|  |TAMS 0x000000071b500000, 0x000000071b500000| Untracked 
| 152|0x000000071b600000, 0x000000071b700000, 0x000000071b700000|100%| O|  |TAMS 0x000000071b600000, 0x000000071b600000| Untracked 
| 153|0x000000071b700000, 0x000000071b800000, 0x000000071b800000|100%| O|  |TAMS 0x000000071b700000, 0x000000071b700000| Untracked 
| 154|0x000000071b800000, 0x000000071b900000, 0x000000071b900000|100%| O|  |TAMS 0x000000071b800000, 0x000000071b800000| Untracked 
| 155|0x000000071b900000, 0x000000071ba00000, 0x000000071ba00000|100%| O|  |TAMS 0x000000071b900000, 0x000000071b900000| Untracked 
| 156|0x000000071ba00000, 0x000000071bb00000, 0x000000071bb00000|100%| O|  |TAMS 0x000000071ba00000, 0x000000071ba00000| Untracked 
| 157|0x000000071bb00000, 0x000000071bc00000, 0x000000071bc00000|100%| O|  |TAMS 0x000000071bb00000, 0x000000071bb00000| Untracked 
| 158|0x000000071bc00000, 0x000000071bd00000, 0x000000071bd00000|100%| O|  |TAMS 0x000000071bc00000, 0x000000071bc00000| Untracked 
| 159|0x000000071bd00000, 0x000000071be00000, 0x000000071be00000|100%| O|  |TAMS 0x000000071bd00000, 0x000000071bd00000| Untracked 
| 160|0x000000071be00000, 0x000000071bf00000, 0x000000071bf00000|100%| O|  |TAMS 0x000000071be00000, 0x000000071be00000| Untracked 
| 161|0x000000071bf00000, 0x000000071c000000, 0x000000071c000000|100%| O|  |TAMS 0x000000071bf00000, 0x000000071bf00000| Untracked 
| 162|0x000000071c000000, 0x000000071c100000, 0x000000071c100000|100%| O|  |TAMS 0x000000071c000000, 0x000000071c000000| Untracked 
| 163|0x000000071c100000, 0x000000071c200000, 0x000000071c200000|100%| O|  |TAMS 0x000000071c100000, 0x000000071c100000| Untracked 
| 164|0x000000071c200000, 0x000000071c300000, 0x000000071c300000|100%| O|  |TAMS 0x000000071c200000, 0x000000071c200000| Untracked 
| 165|0x000000071c300000, 0x000000071c400000, 0x000000071c400000|100%| O|  |TAMS 0x000000071c300000, 0x000000071c300000| Untracked 
| 166|0x000000071c400000, 0x000000071c500000, 0x000000071c500000|100%| O|  |TAMS 0x000000071c400000, 0x000000071c400000| Untracked 
| 167|0x000000071c500000, 0x000000071c600000, 0x000000071c600000|100%| O|  |TAMS 0x000000071c500000, 0x000000071c500000| Untracked 
| 168|0x000000071c600000, 0x000000071c700000, 0x000000071c700000|100%| O|  |TAMS 0x000000071c600000, 0x000000071c600000| Untracked 
| 169|0x000000071c700000, 0x000000071c800000, 0x000000071c800000|100%| O|  |TAMS 0x000000071c700000, 0x000000071c700000| Untracked 
| 170|0x000000071c800000, 0x000000071c900000, 0x000000071c900000|100%| O|  |TAMS 0x000000071c800000, 0x000000071c800000| Untracked 
| 171|0x000000071c900000, 0x000000071ca00000, 0x000000071ca00000|100%| O|  |TAMS 0x000000071c900000, 0x000000071c900000| Untracked 
| 172|0x000000071ca00000, 0x000000071cb00000, 0x000000071cb00000|100%| O|  |TAMS 0x000000071ca00000, 0x000000071ca00000| Untracked 
| 173|0x000000071cb00000, 0x000000071cc00000, 0x000000071cc00000|100%| O|  |TAMS 0x000000071cb00000, 0x000000071cb00000| Untracked 
| 174|0x000000071cc00000, 0x000000071cd00000, 0x000000071cd00000|100%| O|  |TAMS 0x000000071cc00000, 0x000000071cc00000| Untracked 
| 175|0x000000071cd00000, 0x000000071ce00000, 0x000000071ce00000|100%| O|  |TAMS 0x000000071cd00000, 0x000000071cd00000| Untracked 
| 176|0x000000071ce00000, 0x000000071cf00000, 0x000000071cf00000|100%| O|  |TAMS 0x000000071ce00000, 0x000000071ce00000| Untracked 
| 177|0x000000071cf00000, 0x000000071d000000, 0x000000071d000000|100%| O|  |TAMS 0x000000071cf00000, 0x000000071cf00000| Untracked 
| 178|0x000000071d000000, 0x000000071d100000, 0x000000071d100000|100%| O|  |TAMS 0x000000071d000000, 0x000000071d000000| Untracked 
| 179|0x000000071d100000, 0x000000071d200000, 0x000000071d200000|100%| O|  |TAMS 0x000000071d100000, 0x000000071d100000| Untracked 
| 180|0x000000071d200000, 0x000000071d300000, 0x000000071d300000|100%| O|  |TAMS 0x000000071d200000, 0x000000071d200000| Untracked 
| 181|0x000000071d300000, 0x000000071d400000, 0x000000071d400000|100%| O|  |TAMS 0x000000071d300000, 0x000000071d300000| Untracked 
| 182|0x000000071d400000, 0x000000071d45aa00, 0x000000071d500000| 35%| O|  |TAMS 0x000000071d400000, 0x000000071d400000| Untracked 
| 183|0x000000071d500000, 0x000000071d500000, 0x000000071d600000|  0%| F|  |TAMS 0x000000071d500000, 0x000000071d500000| Untracked 
| 184|0x000000071d600000, 0x000000071d600000, 0x000000071d700000|  0%| F|  |TAMS 0x000000071d600000, 0x000000071d600000| Untracked 
| 185|0x000000071d700000, 0x000000071d700000, 0x000000071d800000|  0%| F|  |TAMS 0x000000071d700000, 0x000000071d700000| Untracked 
| 186|0x000000071d800000, 0x000000071d800000, 0x000000071d900000|  0%| F|  |TAMS 0x000000071d800000, 0x000000071d800000| Untracked 
| 187|0x000000071d900000, 0x000000071d900000, 0x000000071da00000|  0%| F|  |TAMS 0x000000071d900000, 0x000000071d900000| Untracked 
| 188|0x000000071da00000, 0x000000071da00000, 0x000000071db00000|  0%| F|  |TAMS 0x000000071da00000, 0x000000071da00000| Untracked 
| 189|0x000000071db00000, 0x000000071db00000, 0x000000071dc00000|  0%| F|  |TAMS 0x000000071db00000, 0x000000071db00000| Untracked 
| 190|0x000000071dc00000, 0x000000071dc00000, 0x000000071dd00000|  0%| F|  |TAMS 0x000000071dc00000, 0x000000071dc00000| Untracked 
| 191|0x000000071dd00000, 0x000000071dd00000, 0x000000071de00000|  0%| F|  |TAMS 0x000000071dd00000, 0x000000071dd00000| Untracked 
| 192|0x000000071de00000, 0x000000071de00000, 0x000000071df00000|  0%| F|  |TAMS 0x000000071de00000, 0x000000071de00000| Untracked 
| 193|0x000000071df00000, 0x000000071df00000, 0x000000071e000000|  0%| F|  |TAMS 0x000000071df00000, 0x000000071df00000| Untracked 
| 194|0x000000071e000000, 0x000000071e000000, 0x000000071e100000|  0%| F|  |TAMS 0x000000071e000000, 0x000000071e000000| Untracked 
| 195|0x000000071e100000, 0x000000071e100000, 0x000000071e200000|  0%| F|  |TAMS 0x000000071e100000, 0x000000071e100000| Untracked 
| 196|0x000000071e200000, 0x000000071e200000, 0x000000071e300000|  0%| F|  |TAMS 0x000000071e200000, 0x000000071e200000| Untracked 
| 197|0x000000071e300000, 0x000000071e300000, 0x000000071e400000|  0%| F|  |TAMS 0x000000071e300000, 0x000000071e300000| Untracked 
| 198|0x000000071e400000, 0x000000071e400000, 0x000000071e500000|  0%| F|  |TAMS 0x000000071e400000, 0x000000071e400000| Untracked 
| 199|0x000000071e500000, 0x000000071e500000, 0x000000071e600000|  0%| F|  |TAMS 0x000000071e500000, 0x000000071e500000| Untracked 
| 200|0x000000071e600000, 0x000000071e600000, 0x000000071e700000|  0%| F|  |TAMS 0x000000071e600000, 0x000000071e600000| Untracked 
| 201|0x000000071e700000, 0x000000071e700000, 0x000000071e800000|  0%| F|  |TAMS 0x000000071e700000, 0x000000071e700000| Untracked 
| 202|0x000000071e800000, 0x000000071e800000, 0x000000071e900000|  0%| F|  |TAMS 0x000000071e800000, 0x000000071e800000| Untracked 
| 203|0x000000071e900000, 0x000000071e900000, 0x000000071ea00000|  0%| F|  |TAMS 0x000000071e900000, 0x000000071e900000| Untracked 
| 204|0x000000071ea00000, 0x000000071ea00000, 0x000000071eb00000|  0%| F|  |TAMS 0x000000071ea00000, 0x000000071ea00000| Untracked 
| 205|0x000000071eb00000, 0x000000071eb00000, 0x000000071ec00000|  0%| F|  |TAMS 0x000000071eb00000, 0x000000071eb00000| Untracked 
| 206|0x000000071ec00000, 0x000000071ec00000, 0x000000071ed00000|  0%| F|  |TAMS 0x000000071ec00000, 0x000000071ec00000| Untracked 
| 207|0x000000071ed00000, 0x000000071ed00000, 0x000000071ee00000|  0%| F|  |TAMS 0x000000071ed00000, 0x000000071ed00000| Untracked 
| 208|0x000000071ee00000, 0x000000071ee00000, 0x000000071ef00000|  0%| F|  |TAMS 0x000000071ee00000, 0x000000071ee00000| Untracked 
| 209|0x000000071ef00000, 0x000000071ef00000, 0x000000071f000000|  0%| F|  |TAMS 0x000000071ef00000, 0x000000071ef00000| Untracked 
| 210|0x000000071f000000, 0x000000071f000000, 0x000000071f100000|  0%| F|  |TAMS 0x000000071f000000, 0x000000071f000000| Untracked 
| 211|0x000000071f100000, 0x000000071f100000, 0x000000071f200000|  0%| F|  |TAMS 0x000000071f100000, 0x000000071f100000| Untracked 
| 212|0x000000071f200000, 0x000000071f200000, 0x000000071f300000|  0%| F|  |TAMS 0x000000071f200000, 0x000000071f200000| Untracked 
| 213|0x000000071f300000, 0x000000071f300000, 0x000000071f400000|  0%| F|  |TAMS 0x000000071f300000, 0x000000071f300000| Untracked 
| 214|0x000000071f400000, 0x000000071f400000, 0x000000071f500000|  0%| F|  |TAMS 0x000000071f400000, 0x000000071f400000| Untracked 
| 215|0x000000071f500000, 0x000000071f500000, 0x000000071f600000|  0%| F|  |TAMS 0x000000071f500000, 0x000000071f500000| Untracked 
| 216|0x000000071f600000, 0x000000071f600000, 0x000000071f700000|  0%| F|  |TAMS 0x000000071f600000, 0x000000071f600000| Untracked 
| 217|0x000000071f700000, 0x000000071f700000, 0x000000071f800000|  0%| F|  |TAMS 0x000000071f700000, 0x000000071f700000| Untracked 
| 218|0x000000071f800000, 0x000000071f800000, 0x000000071f900000|  0%| F|  |TAMS 0x000000071f800000, 0x000000071f800000| Untracked 
| 219|0x000000071f900000, 0x000000071f900000, 0x000000071fa00000|  0%| F|  |TAMS 0x000000071f900000, 0x000000071f900000| Untracked 
| 220|0x000000071fa00000, 0x000000071fa00000, 0x000000071fb00000|  0%| F|  |TAMS 0x000000071fa00000, 0x000000071fa00000| Untracked 
| 221|0x000000071fb00000, 0x000000071fb00000, 0x000000071fc00000|  0%| F|  |TAMS 0x000000071fb00000, 0x000000071fb00000| Untracked 
| 222|0x000000071fc00000, 0x000000071fc00000, 0x000000071fd00000|  0%| F|  |TAMS 0x000000071fc00000, 0x000000071fc00000| Untracked 
| 223|0x000000071fd00000, 0x000000071fd00000, 0x000000071fe00000|  0%| F|  |TAMS 0x000000071fd00000, 0x000000071fd00000| Untracked 
| 224|0x000000071fe00000, 0x000000071fe00000, 0x000000071ff00000|  0%| F|  |TAMS 0x000000071fe00000, 0x000000071fe00000| Untracked 
| 225|0x000000071ff00000, 0x000000071ff00000, 0x0000000720000000|  0%| F|  |TAMS 0x000000071ff00000, 0x000000071ff00000| Untracked 
| 226|0x0000000720000000, 0x0000000720000000, 0x0000000720100000|  0%| F|  |TAMS 0x0000000720000000, 0x0000000720000000| Untracked 
| 227|0x0000000720100000, 0x0000000720100000, 0x0000000720200000|  0%| F|  |TAMS 0x0000000720100000, 0x0000000720100000| Untracked 
| 228|0x0000000720200000, 0x0000000720200000, 0x0000000720300000|  0%| F|  |TAMS 0x0000000720200000, 0x0000000720200000| Untracked 
| 229|0x0000000720300000, 0x0000000720300000, 0x0000000720400000|  0%| F|  |TAMS 0x0000000720300000, 0x0000000720300000| Untracked 
| 230|0x0000000720400000, 0x0000000720400000, 0x0000000720500000|  0%| F|  |TAMS 0x0000000720400000, 0x0000000720400000| Untracked 
| 231|0x0000000720500000, 0x0000000720500000, 0x0000000720600000|  0%| F|  |TAMS 0x0000000720500000, 0x0000000720500000| Untracked 
| 232|0x0000000720600000, 0x0000000720600000, 0x0000000720700000|  0%| F|  |TAMS 0x0000000720600000, 0x0000000720600000| Untracked 
| 233|0x0000000720700000, 0x0000000720700000, 0x0000000720800000|  0%| F|  |TAMS 0x0000000720700000, 0x0000000720700000| Untracked 
| 234|0x0000000720800000, 0x0000000720800000, 0x0000000720900000|  0%| F|  |TAMS 0x0000000720800000, 0x0000000720800000| Untracked 
| 235|0x0000000720900000, 0x0000000720900000, 0x0000000720a00000|  0%| F|  |TAMS 0x0000000720900000, 0x0000000720900000| Untracked 
| 236|0x0000000720a00000, 0x0000000720a00000, 0x0000000720b00000|  0%| F|  |TAMS 0x0000000720a00000, 0x0000000720a00000| Untracked 
| 237|0x0000000720b00000, 0x0000000720b00000, 0x0000000720c00000|  0%| F|  |TAMS 0x0000000720b00000, 0x0000000720b00000| Untracked 
| 238|0x0000000720c00000, 0x0000000720c00000, 0x0000000720d00000|  0%| F|  |TAMS 0x0000000720c00000, 0x0000000720c00000| Untracked 
| 239|0x0000000720d00000, 0x0000000720d00000, 0x0000000720e00000|  0%| F|  |TAMS 0x0000000720d00000, 0x0000000720d00000| Untracked 
| 240|0x0000000720e00000, 0x0000000720e00000, 0x0000000720f00000|  0%| F|  |TAMS 0x0000000720e00000, 0x0000000720e00000| Untracked 
| 241|0x0000000720f00000, 0x0000000720f00000, 0x0000000721000000|  0%| F|  |TAMS 0x0000000720f00000, 0x0000000720f00000| Untracked 
| 242|0x0000000721000000, 0x0000000721000000, 0x0000000721100000|  0%| F|  |TAMS 0x0000000721000000, 0x0000000721000000| Untracked 
| 243|0x0000000721100000, 0x0000000721100000, 0x0000000721200000|  0%| F|  |TAMS 0x0000000721100000, 0x0000000721100000| Untracked 
| 244|0x0000000721200000, 0x0000000721200000, 0x0000000721300000|  0%| F|  |TAMS 0x0000000721200000, 0x0000000721200000| Untracked 
| 245|0x0000000721300000, 0x0000000721300000, 0x0000000721400000|  0%| F|  |TAMS 0x0000000721300000, 0x0000000721300000| Untracked 
| 246|0x0000000721400000, 0x0000000721400000, 0x0000000721500000|  0%| F|  |TAMS 0x0000000721400000, 0x0000000721400000| Untracked 
| 247|0x0000000721500000, 0x0000000721500000, 0x0000000721600000|  0%| F|  |TAMS 0x0000000721500000, 0x0000000721500000| Untracked 
| 248|0x0000000721600000, 0x0000000721600000, 0x0000000721700000|  0%| F|  |TAMS 0x0000000721600000, 0x0000000721600000| Untracked 
| 249|0x0000000721700000, 0x0000000721700000, 0x0000000721800000|  0%| F|  |TAMS 0x0000000721700000, 0x0000000721700000| Untracked 
| 250|0x0000000721800000, 0x0000000721800000, 0x0000000721900000|  0%| F|  |TAMS 0x0000000721800000, 0x0000000721800000| Untracked 
| 251|0x0000000721900000, 0x0000000721900000, 0x0000000721a00000|  0%| F|  |TAMS 0x0000000721900000, 0x0000000721900000| Untracked 
| 252|0x0000000721a00000, 0x0000000721a00000, 0x0000000721b00000|  0%| F|  |TAMS 0x0000000721a00000, 0x0000000721a00000| Untracked 
| 253|0x0000000721b00000, 0x0000000721b00000, 0x0000000721c00000|  0%| F|  |TAMS 0x0000000721b00000, 0x0000000721b00000| Untracked 
| 254|0x0000000721c00000, 0x0000000721c00000, 0x0000000721d00000|  0%| F|  |TAMS 0x0000000721c00000, 0x0000000721c00000| Untracked 
| 255|0x0000000721d00000, 0x0000000721d00000, 0x0000000721e00000|  0%| F|  |TAMS 0x0000000721d00000, 0x0000000721d00000| Untracked 
| 256|0x0000000721e00000, 0x0000000721e00000, 0x0000000721f00000|  0%| F|  |TAMS 0x0000000721e00000, 0x0000000721e00000| Untracked 
| 257|0x0000000721f00000, 0x0000000721f00000, 0x0000000722000000|  0%| F|  |TAMS 0x0000000721f00000, 0x0000000721f00000| Untracked 
| 258|0x0000000722000000, 0x0000000722000000, 0x0000000722100000|  0%| F|  |TAMS 0x0000000722000000, 0x0000000722000000| Untracked 
| 259|0x0000000722100000, 0x0000000722100000, 0x0000000722200000|  0%| F|  |TAMS 0x0000000722100000, 0x0000000722100000| Untracked 
| 260|0x0000000722200000, 0x0000000722200000, 0x0000000722300000|  0%| F|  |TAMS 0x0000000722200000, 0x0000000722200000| Untracked 
| 261|0x0000000722300000, 0x0000000722300000, 0x0000000722400000|  0%| F|  |TAMS 0x0000000722300000, 0x0000000722300000| Untracked 
| 262|0x0000000722400000, 0x0000000722400000, 0x0000000722500000|  0%| F|  |TAMS 0x0000000722400000, 0x0000000722400000| Untracked 
| 263|0x0000000722500000, 0x0000000722500000, 0x0000000722600000|  0%| F|  |TAMS 0x0000000722500000, 0x0000000722500000| Untracked 
| 264|0x0000000722600000, 0x0000000722600000, 0x0000000722700000|  0%| F|  |TAMS 0x0000000722600000, 0x0000000722600000| Untracked 
| 265|0x0000000722700000, 0x0000000722700000, 0x0000000722800000|  0%| F|  |TAMS 0x0000000722700000, 0x0000000722700000| Untracked 
| 266|0x0000000722800000, 0x0000000722800000, 0x0000000722900000|  0%| F|  |TAMS 0x0000000722800000, 0x0000000722800000| Untracked 
| 267|0x0000000722900000, 0x0000000722900000, 0x0000000722a00000|  0%| F|  |TAMS 0x0000000722900000, 0x0000000722900000| Untracked 
| 268|0x0000000722a00000, 0x0000000722a00000, 0x0000000722b00000|  0%| F|  |TAMS 0x0000000722a00000, 0x0000000722a00000| Untracked 
| 269|0x0000000722b00000, 0x0000000722b00000, 0x0000000722c00000|  0%| F|  |TAMS 0x0000000722b00000, 0x0000000722b00000| Untracked 
| 270|0x0000000722c00000, 0x0000000722c00000, 0x0000000722d00000|  0%| F|  |TAMS 0x0000000722c00000, 0x0000000722c00000| Untracked 
| 271|0x0000000722d00000, 0x0000000722d00000, 0x0000000722e00000|  0%| F|  |TAMS 0x0000000722d00000, 0x0000000722d00000| Untracked 
| 272|0x0000000722e00000, 0x0000000722e00000, 0x0000000722f00000|  0%| F|  |TAMS 0x0000000722e00000, 0x0000000722e00000| Untracked 
| 273|0x0000000722f00000, 0x0000000722f00000, 0x0000000723000000|  0%| F|  |TAMS 0x0000000722f00000, 0x0000000722f00000| Untracked 
| 274|0x0000000723000000, 0x0000000723000000, 0x0000000723100000|  0%| F|  |TAMS 0x0000000723000000, 0x0000000723000000| Untracked 
| 275|0x0000000723100000, 0x0000000723100000, 0x0000000723200000|  0%| F|  |TAMS 0x0000000723100000, 0x0000000723100000| Untracked 
| 276|0x0000000723200000, 0x0000000723200000, 0x0000000723300000|  0%| F|  |TAMS 0x0000000723200000, 0x0000000723200000| Untracked 
| 277|0x0000000723300000, 0x0000000723300000, 0x0000000723400000|  0%| F|  |TAMS 0x0000000723300000, 0x0000000723300000| Untracked 
| 278|0x0000000723400000, 0x0000000723400000, 0x0000000723500000|  0%| F|  |TAMS 0x0000000723400000, 0x0000000723400000| Untracked 
| 279|0x0000000723500000, 0x0000000723500000, 0x0000000723600000|  0%| F|  |TAMS 0x0000000723500000, 0x0000000723500000| Untracked 
| 280|0x0000000723600000, 0x0000000723600000, 0x0000000723700000|  0%| F|  |TAMS 0x0000000723600000, 0x0000000723600000| Untracked 
| 281|0x0000000723700000, 0x0000000723700000, 0x0000000723800000|  0%| F|  |TAMS 0x0000000723700000, 0x0000000723700000| Untracked 
| 282|0x0000000723800000, 0x0000000723800000, 0x0000000723900000|  0%| F|  |TAMS 0x0000000723800000, 0x0000000723800000| Untracked 
| 283|0x0000000723900000, 0x0000000723900000, 0x0000000723a00000|  0%| F|  |TAMS 0x0000000723900000, 0x0000000723900000| Untracked 
| 284|0x0000000723a00000, 0x0000000723a78100, 0x0000000723b00000| 46%| S|CS|TAMS 0x0000000723a00000, 0x0000000723a00000| Complete 
| 285|0x0000000723b00000, 0x0000000723c00000, 0x0000000723c00000|100%| S|CS|TAMS 0x0000000723b00000, 0x0000000723b00000| Complete 
| 286|0x0000000723c00000, 0x0000000723d00000, 0x0000000723d00000|100%| S|CS|TAMS 0x0000000723c00000, 0x0000000723c00000| Complete 
| 287|0x0000000723d00000, 0x0000000723d00000, 0x0000000723e00000|  0%| F|  |TAMS 0x0000000723d00000, 0x0000000723d00000| Untracked 
| 288|0x0000000723e00000, 0x0000000723e00000, 0x0000000723f00000|  0%| F|  |TAMS 0x0000000723e00000, 0x0000000723e00000| Untracked 
| 289|0x0000000723f00000, 0x0000000723f00000, 0x0000000724000000|  0%| F|  |TAMS 0x0000000723f00000, 0x0000000723f00000| Untracked 
| 290|0x0000000724000000, 0x0000000724000000, 0x0000000724100000|  0%| F|  |TAMS 0x0000000724000000, 0x0000000724000000| Untracked 
| 291|0x0000000724100000, 0x0000000724100000, 0x0000000724200000|  0%| F|  |TAMS 0x0000000724100000, 0x0000000724100000| Untracked 
| 292|0x0000000724200000, 0x0000000724200000, 0x0000000724300000|  0%| F|  |TAMS 0x0000000724200000, 0x0000000724200000| Untracked 
| 293|0x0000000724300000, 0x0000000724300000, 0x0000000724400000|  0%| F|  |TAMS 0x0000000724300000, 0x0000000724300000| Untracked 
| 294|0x0000000724400000, 0x0000000724400000, 0x0000000724500000|  0%| F|  |TAMS 0x0000000724400000, 0x0000000724400000| Untracked 
| 295|0x0000000724500000, 0x0000000724500000, 0x0000000724600000|  0%| F|  |TAMS 0x0000000724500000, 0x0000000724500000| Untracked 
| 296|0x0000000724600000, 0x0000000724600000, 0x0000000724700000|  0%| F|  |TAMS 0x0000000724600000, 0x0000000724600000| Untracked 
| 297|0x0000000724700000, 0x0000000724700000, 0x0000000724800000|  0%| F|  |TAMS 0x0000000724700000, 0x0000000724700000| Untracked 
| 298|0x0000000724800000, 0x0000000724800000, 0x0000000724900000|  0%| F|  |TAMS 0x0000000724800000, 0x0000000724800000| Untracked 
| 299|0x0000000724900000, 0x0000000724900000, 0x0000000724a00000|  0%| F|  |TAMS 0x0000000724900000, 0x0000000724900000| Untracked 
| 300|0x0000000724a00000, 0x0000000724a00000, 0x0000000724b00000|  0%| F|  |TAMS 0x0000000724a00000, 0x0000000724a00000| Untracked 
| 301|0x0000000724b00000, 0x0000000724b00000, 0x0000000724c00000|  0%| F|  |TAMS 0x0000000724b00000, 0x0000000724b00000| Untracked 
| 302|0x0000000724c00000, 0x0000000724c00000, 0x0000000724d00000|  0%| F|  |TAMS 0x0000000724c00000, 0x0000000724c00000| Untracked 
| 303|0x0000000724d00000, 0x0000000724d00000, 0x0000000724e00000|  0%| F|  |TAMS 0x0000000724d00000, 0x0000000724d00000| Untracked 
| 304|0x0000000724e00000, 0x0000000724e00000, 0x0000000724f00000|  0%| F|  |TAMS 0x0000000724e00000, 0x0000000724e00000| Untracked 
| 305|0x0000000724f00000, 0x0000000724f00000, 0x0000000725000000|  0%| F|  |TAMS 0x0000000724f00000, 0x0000000724f00000| Untracked 
| 306|0x0000000725000000, 0x0000000725000000, 0x0000000725100000|  0%| F|  |TAMS 0x0000000725000000, 0x0000000725000000| Untracked 
| 307|0x0000000725100000, 0x0000000725100000, 0x0000000725200000|  0%| F|  |TAMS 0x0000000725100000, 0x0000000725100000| Untracked 
| 308|0x0000000725200000, 0x0000000725200000, 0x0000000725300000|  0%| F|  |TAMS 0x0000000725200000, 0x0000000725200000| Untracked 
| 309|0x0000000725300000, 0x0000000725300000, 0x0000000725400000|  0%| F|  |TAMS 0x0000000725300000, 0x0000000725300000| Untracked 
| 310|0x0000000725400000, 0x0000000725400000, 0x0000000725500000|  0%| F|  |TAMS 0x0000000725400000, 0x0000000725400000| Untracked 
| 311|0x0000000725500000, 0x0000000725500000, 0x0000000725600000|  0%| F|  |TAMS 0x0000000725500000, 0x0000000725500000| Untracked 
| 312|0x0000000725600000, 0x0000000725600000, 0x0000000725700000|  0%| F|  |TAMS 0x0000000725600000, 0x0000000725600000| Untracked 
| 313|0x0000000725700000, 0x0000000725700000, 0x0000000725800000|  0%| F|  |TAMS 0x0000000725700000, 0x0000000725700000| Untracked 
| 314|0x0000000725800000, 0x0000000725800000, 0x0000000725900000|  0%| F|  |TAMS 0x0000000725800000, 0x0000000725800000| Untracked 
| 315|0x0000000725900000, 0x0000000725900000, 0x0000000725a00000|  0%| F|  |TAMS 0x0000000725900000, 0x0000000725900000| Untracked 
| 316|0x0000000725a00000, 0x0000000725a00000, 0x0000000725b00000|  0%| F|  |TAMS 0x0000000725a00000, 0x0000000725a00000| Untracked 
| 317|0x0000000725b00000, 0x0000000725b00000, 0x0000000725c00000|  0%| F|  |TAMS 0x0000000725b00000, 0x0000000725b00000| Untracked 
| 318|0x0000000725c00000, 0x0000000725c00000, 0x0000000725d00000|  0%| F|  |TAMS 0x0000000725c00000, 0x0000000725c00000| Untracked 
| 319|0x0000000725d00000, 0x0000000725d00000, 0x0000000725e00000|  0%| F|  |TAMS 0x0000000725d00000, 0x0000000725d00000| Untracked 
| 320|0x0000000725e00000, 0x0000000725e00000, 0x0000000725f00000|  0%| F|  |TAMS 0x0000000725e00000, 0x0000000725e00000| Untracked 
| 321|0x0000000725f00000, 0x0000000725f00000, 0x0000000726000000|  0%| F|  |TAMS 0x0000000725f00000, 0x0000000725f00000| Untracked 
| 322|0x0000000726000000, 0x0000000726000000, 0x0000000726100000|  0%| F|  |TAMS 0x0000000726000000, 0x0000000726000000| Untracked 
| 323|0x0000000726100000, 0x0000000726100000, 0x0000000726200000|  0%| F|  |TAMS 0x0000000726100000, 0x0000000726100000| Untracked 
| 324|0x0000000726200000, 0x0000000726200000, 0x0000000726300000|  0%| F|  |TAMS 0x0000000726200000, 0x0000000726200000| Untracked 
| 325|0x0000000726300000, 0x0000000726300000, 0x0000000726400000|  0%| F|  |TAMS 0x0000000726300000, 0x0000000726300000| Untracked 
| 326|0x0000000726400000, 0x0000000726400000, 0x0000000726500000|  0%| F|  |TAMS 0x0000000726400000, 0x0000000726400000| Untracked 
| 327|0x0000000726500000, 0x0000000726500000, 0x0000000726600000|  0%| F|  |TAMS 0x0000000726500000, 0x0000000726500000| Untracked 
| 328|0x0000000726600000, 0x0000000726600000, 0x0000000726700000|  0%| F|  |TAMS 0x0000000726600000, 0x0000000726600000| Untracked 
| 329|0x0000000726700000, 0x0000000726700000, 0x0000000726800000|  0%| F|  |TAMS 0x0000000726700000, 0x0000000726700000| Untracked 
| 330|0x0000000726800000, 0x0000000726800000, 0x0000000726900000|  0%| F|  |TAMS 0x0000000726800000, 0x0000000726800000| Untracked 
| 331|0x0000000726900000, 0x0000000726900000, 0x0000000726a00000|  0%| F|  |TAMS 0x0000000726900000, 0x0000000726900000| Untracked 
| 332|0x0000000726a00000, 0x0000000726a00000, 0x0000000726b00000|  0%| F|  |TAMS 0x0000000726a00000, 0x0000000726a00000| Untracked 
| 333|0x0000000726b00000, 0x0000000726b00000, 0x0000000726c00000|  0%| F|  |TAMS 0x0000000726b00000, 0x0000000726b00000| Untracked 
| 334|0x0000000726c00000, 0x0000000726c00000, 0x0000000726d00000|  0%| F|  |TAMS 0x0000000726c00000, 0x0000000726c00000| Untracked 
| 335|0x0000000726d00000, 0x0000000726d00000, 0x0000000726e00000|  0%| F|  |TAMS 0x0000000726d00000, 0x0000000726d00000| Untracked 
| 336|0x0000000726e00000, 0x0000000726e00000, 0x0000000726f00000|  0%| F|  |TAMS 0x0000000726e00000, 0x0000000726e00000| Untracked 
| 337|0x0000000726f00000, 0x0000000726f00000, 0x0000000727000000|  0%| F|  |TAMS 0x0000000726f00000, 0x0000000726f00000| Untracked 
| 338|0x0000000727000000, 0x0000000727000000, 0x0000000727100000|  0%| F|  |TAMS 0x0000000727000000, 0x0000000727000000| Untracked 
| 339|0x0000000727100000, 0x0000000727100000, 0x0000000727200000|  0%| F|  |TAMS 0x0000000727100000, 0x0000000727100000| Untracked 
| 340|0x0000000727200000, 0x0000000727200000, 0x0000000727300000|  0%| F|  |TAMS 0x0000000727200000, 0x0000000727200000| Untracked 
| 341|0x0000000727300000, 0x0000000727300000, 0x0000000727400000|  0%| F|  |TAMS 0x0000000727300000, 0x0000000727300000| Untracked 
| 342|0x0000000727400000, 0x0000000727400000, 0x0000000727500000|  0%| F|  |TAMS 0x0000000727400000, 0x0000000727400000| Untracked 
| 343|0x0000000727500000, 0x0000000727500000, 0x0000000727600000|  0%| F|  |TAMS 0x0000000727500000, 0x0000000727500000| Untracked 
| 344|0x0000000727600000, 0x0000000727600000, 0x0000000727700000|  0%| F|  |TAMS 0x0000000727600000, 0x0000000727600000| Untracked 
| 345|0x0000000727700000, 0x0000000727700000, 0x0000000727800000|  0%| F|  |TAMS 0x0000000727700000, 0x0000000727700000| Untracked 
| 346|0x0000000727800000, 0x0000000727800000, 0x0000000727900000|  0%| F|  |TAMS 0x0000000727800000, 0x0000000727800000| Untracked 
| 347|0x0000000727900000, 0x0000000727900000, 0x0000000727a00000|  0%| F|  |TAMS 0x0000000727900000, 0x0000000727900000| Untracked 
| 348|0x0000000727a00000, 0x0000000727a00000, 0x0000000727b00000|  0%| F|  |TAMS 0x0000000727a00000, 0x0000000727a00000| Untracked 
| 349|0x0000000727b00000, 0x0000000727b00000, 0x0000000727c00000|  0%| F|  |TAMS 0x0000000727b00000, 0x0000000727b00000| Untracked 
| 350|0x0000000727c00000, 0x0000000727c00000, 0x0000000727d00000|  0%| F|  |TAMS 0x0000000727c00000, 0x0000000727c00000| Untracked 
| 351|0x0000000727d00000, 0x0000000727d00000, 0x0000000727e00000|  0%| F|  |TAMS 0x0000000727d00000, 0x0000000727d00000| Untracked 
| 352|0x0000000727e00000, 0x0000000727e00000, 0x0000000727f00000|  0%| F|  |TAMS 0x0000000727e00000, 0x0000000727e00000| Untracked 
| 353|0x0000000727f00000, 0x0000000727f00000, 0x0000000728000000|  0%| F|  |TAMS 0x0000000727f00000, 0x0000000727f00000| Untracked 
| 354|0x0000000728000000, 0x0000000728000000, 0x0000000728100000|  0%| F|  |TAMS 0x0000000728000000, 0x0000000728000000| Untracked 
| 355|0x0000000728100000, 0x0000000728100000, 0x0000000728200000|  0%| F|  |TAMS 0x0000000728100000, 0x0000000728100000| Untracked 
| 356|0x0000000728200000, 0x0000000728200000, 0x0000000728300000|  0%| F|  |TAMS 0x0000000728200000, 0x0000000728200000| Untracked 
| 357|0x0000000728300000, 0x0000000728300000, 0x0000000728400000|  0%| F|  |TAMS 0x0000000728300000, 0x0000000728300000| Untracked 
| 358|0x0000000728400000, 0x0000000728400000, 0x0000000728500000|  0%| F|  |TAMS 0x0000000728400000, 0x0000000728400000| Untracked 
| 359|0x0000000728500000, 0x0000000728500000, 0x0000000728600000|  0%| F|  |TAMS 0x0000000728500000, 0x0000000728500000| Untracked 
| 360|0x0000000728600000, 0x0000000728600000, 0x0000000728700000|  0%| F|  |TAMS 0x0000000728600000, 0x0000000728600000| Untracked 
| 361|0x0000000728700000, 0x0000000728700000, 0x0000000728800000|  0%| F|  |TAMS 0x0000000728700000, 0x0000000728700000| Untracked 
| 362|0x0000000728800000, 0x0000000728800000, 0x0000000728900000|  0%| F|  |TAMS 0x0000000728800000, 0x0000000728800000| Untracked 
| 363|0x0000000728900000, 0x0000000728900000, 0x0000000728a00000|  0%| F|  |TAMS 0x0000000728900000, 0x0000000728900000| Untracked 
| 364|0x0000000728a00000, 0x0000000728a00000, 0x0000000728b00000|  0%| F|  |TAMS 0x0000000728a00000, 0x0000000728a00000| Untracked 
| 365|0x0000000728b00000, 0x0000000728b00000, 0x0000000728c00000|  0%| F|  |TAMS 0x0000000728b00000, 0x0000000728b00000| Untracked 
| 366|0x0000000728c00000, 0x0000000728c00000, 0x0000000728d00000|  0%| F|  |TAMS 0x0000000728c00000, 0x0000000728c00000| Untracked 
| 367|0x0000000728d00000, 0x0000000728d00000, 0x0000000728e00000|  0%| F|  |TAMS 0x0000000728d00000, 0x0000000728d00000| Untracked 
| 368|0x0000000728e00000, 0x0000000728e00000, 0x0000000728f00000|  0%| F|  |TAMS 0x0000000728e00000, 0x0000000728e00000| Untracked 
| 369|0x0000000728f00000, 0x0000000728f00000, 0x0000000729000000|  0%| F|  |TAMS 0x0000000728f00000, 0x0000000728f00000| Untracked 
| 370|0x0000000729000000, 0x0000000729000000, 0x0000000729100000|  0%| F|  |TAMS 0x0000000729000000, 0x0000000729000000| Untracked 
| 371|0x0000000729100000, 0x0000000729100000, 0x0000000729200000|  0%| F|  |TAMS 0x0000000729100000, 0x0000000729100000| Untracked 
| 372|0x0000000729200000, 0x0000000729200000, 0x0000000729300000|  0%| F|  |TAMS 0x0000000729200000, 0x0000000729200000| Untracked 
| 373|0x0000000729300000, 0x0000000729300000, 0x0000000729400000|  0%| F|  |TAMS 0x0000000729300000, 0x0000000729300000| Untracked 
| 374|0x0000000729400000, 0x0000000729400000, 0x0000000729500000|  0%| F|  |TAMS 0x0000000729400000, 0x0000000729400000| Untracked 
| 375|0x0000000729500000, 0x0000000729500000, 0x0000000729600000|  0%| F|  |TAMS 0x0000000729500000, 0x0000000729500000| Untracked 
| 376|0x0000000729600000, 0x0000000729600000, 0x0000000729700000|  0%| F|  |TAMS 0x0000000729600000, 0x0000000729600000| Untracked 
| 377|0x0000000729700000, 0x0000000729700000, 0x0000000729800000|  0%| F|  |TAMS 0x0000000729700000, 0x0000000729700000| Untracked 
| 378|0x0000000729800000, 0x0000000729800000, 0x0000000729900000|  0%| F|  |TAMS 0x0000000729800000, 0x0000000729800000| Untracked 
| 379|0x0000000729900000, 0x0000000729900000, 0x0000000729a00000|  0%| F|  |TAMS 0x0000000729900000, 0x0000000729900000| Untracked 
| 380|0x0000000729a00000, 0x0000000729a00000, 0x0000000729b00000|  0%| F|  |TAMS 0x0000000729a00000, 0x0000000729a00000| Untracked 
| 381|0x0000000729b00000, 0x0000000729b00000, 0x0000000729c00000|  0%| F|  |TAMS 0x0000000729b00000, 0x0000000729b00000| Untracked 
| 382|0x0000000729c00000, 0x0000000729c00000, 0x0000000729d00000|  0%| F|  |TAMS 0x0000000729c00000, 0x0000000729c00000| Untracked 
| 383|0x0000000729d00000, 0x0000000729d00000, 0x0000000729e00000|  0%| F|  |TAMS 0x0000000729d00000, 0x0000000729d00000| Untracked 
| 384|0x0000000729e00000, 0x0000000729e00000, 0x0000000729f00000|  0%| F|  |TAMS 0x0000000729e00000, 0x0000000729e00000| Untracked 
| 385|0x0000000729f00000, 0x0000000729f00000, 0x000000072a000000|  0%| F|  |TAMS 0x0000000729f00000, 0x0000000729f00000| Untracked 
| 386|0x000000072a000000, 0x000000072a000000, 0x000000072a100000|  0%| F|  |TAMS 0x000000072a000000, 0x000000072a000000| Untracked 
| 387|0x000000072a100000, 0x000000072a100000, 0x000000072a200000|  0%| F|  |TAMS 0x000000072a100000, 0x000000072a100000| Untracked 
| 388|0x000000072a200000, 0x000000072a200000, 0x000000072a300000|  0%| F|  |TAMS 0x000000072a200000, 0x000000072a200000| Untracked 
| 389|0x000000072a300000, 0x000000072a300000, 0x000000072a400000|  0%| F|  |TAMS 0x000000072a300000, 0x000000072a300000| Untracked 
| 390|0x000000072a400000, 0x000000072a400000, 0x000000072a500000|  0%| F|  |TAMS 0x000000072a400000, 0x000000072a400000| Untracked 
| 391|0x000000072a500000, 0x000000072a500000, 0x000000072a600000|  0%| F|  |TAMS 0x000000072a500000, 0x000000072a500000| Untracked 
| 392|0x000000072a600000, 0x000000072a600000, 0x000000072a700000|  0%| F|  |TAMS 0x000000072a600000, 0x000000072a600000| Untracked 
| 393|0x000000072a700000, 0x000000072a700000, 0x000000072a800000|  0%| F|  |TAMS 0x000000072a700000, 0x000000072a700000| Untracked 
| 394|0x000000072a800000, 0x000000072a800000, 0x000000072a900000|  0%| F|  |TAMS 0x000000072a800000, 0x000000072a800000| Untracked 
| 395|0x000000072a900000, 0x000000072a900000, 0x000000072aa00000|  0%| F|  |TAMS 0x000000072a900000, 0x000000072a900000| Untracked 
| 396|0x000000072aa00000, 0x000000072aa00000, 0x000000072ab00000|  0%| F|  |TAMS 0x000000072aa00000, 0x000000072aa00000| Untracked 
| 397|0x000000072ab00000, 0x000000072ab00000, 0x000000072ac00000|  0%| F|  |TAMS 0x000000072ab00000, 0x000000072ab00000| Untracked 
| 398|0x000000072ac00000, 0x000000072ac00000, 0x000000072ad00000|  0%| F|  |TAMS 0x000000072ac00000, 0x000000072ac00000| Untracked 
| 399|0x000000072ad00000, 0x000000072ad00000, 0x000000072ae00000|  0%| F|  |TAMS 0x000000072ad00000, 0x000000072ad00000| Untracked 
| 400|0x000000072ae00000, 0x000000072ae00000, 0x000000072af00000|  0%| F|  |TAMS 0x000000072ae00000, 0x000000072ae00000| Untracked 
| 401|0x000000072af00000, 0x000000072af00000, 0x000000072b000000|  0%| F|  |TAMS 0x000000072af00000, 0x000000072af00000| Untracked 
| 402|0x000000072b000000, 0x000000072b000000, 0x000000072b100000|  0%| F|  |TAMS 0x000000072b000000, 0x000000072b000000| Untracked 
| 403|0x000000072b100000, 0x000000072b100000, 0x000000072b200000|  0%| F|  |TAMS 0x000000072b100000, 0x000000072b100000| Untracked 
| 404|0x000000072b200000, 0x000000072b200000, 0x000000072b300000|  0%| F|  |TAMS 0x000000072b200000, 0x000000072b200000| Untracked 
| 405|0x000000072b300000, 0x000000072b300000, 0x000000072b400000|  0%| F|  |TAMS 0x000000072b300000, 0x000000072b300000| Untracked 
| 406|0x000000072b400000, 0x000000072b400000, 0x000000072b500000|  0%| F|  |TAMS 0x000000072b400000, 0x000000072b400000| Untracked 
| 407|0x000000072b500000, 0x000000072b500000, 0x000000072b600000|  0%| F|  |TAMS 0x000000072b500000, 0x000000072b500000| Untracked 
| 408|0x000000072b600000, 0x000000072b600000, 0x000000072b700000|  0%| F|  |TAMS 0x000000072b600000, 0x000000072b600000| Untracked 
| 409|0x000000072b700000, 0x000000072b700000, 0x000000072b800000|  0%| F|  |TAMS 0x000000072b700000, 0x000000072b700000| Untracked 
| 410|0x000000072b800000, 0x000000072b800000, 0x000000072b900000|  0%| F|  |TAMS 0x000000072b800000, 0x000000072b800000| Untracked 
| 411|0x000000072b900000, 0x000000072b900000, 0x000000072ba00000|  0%| F|  |TAMS 0x000000072b900000, 0x000000072b900000| Untracked 
| 412|0x000000072ba00000, 0x000000072ba00000, 0x000000072bb00000|  0%| F|  |TAMS 0x000000072ba00000, 0x000000072ba00000| Untracked 
| 413|0x000000072bb00000, 0x000000072bb00000, 0x000000072bc00000|  0%| F|  |TAMS 0x000000072bb00000, 0x000000072bb00000| Untracked 
| 414|0x000000072bc00000, 0x000000072bc00000, 0x000000072bd00000|  0%| F|  |TAMS 0x000000072bc00000, 0x000000072bc00000| Untracked 
| 415|0x000000072bd00000, 0x000000072bd00000, 0x000000072be00000|  0%| F|  |TAMS 0x000000072bd00000, 0x000000072bd00000| Untracked 
| 416|0x000000072be00000, 0x000000072be00000, 0x000000072bf00000|  0%| F|  |TAMS 0x000000072be00000, 0x000000072be00000| Untracked 
| 417|0x000000072bf00000, 0x000000072bf00000, 0x000000072c000000|  0%| F|  |TAMS 0x000000072bf00000, 0x000000072bf00000| Untracked 
| 418|0x000000072c000000, 0x000000072c000000, 0x000000072c100000|  0%| F|  |TAMS 0x000000072c000000, 0x000000072c000000| Untracked 
| 419|0x000000072c100000, 0x000000072c100000, 0x000000072c200000|  0%| F|  |TAMS 0x000000072c100000, 0x000000072c100000| Untracked 
| 420|0x000000072c200000, 0x000000072c200000, 0x000000072c300000|  0%| F|  |TAMS 0x000000072c200000, 0x000000072c200000| Untracked 
| 421|0x000000072c300000, 0x000000072c300000, 0x000000072c400000|  0%| F|  |TAMS 0x000000072c300000, 0x000000072c300000| Untracked 
| 422|0x000000072c400000, 0x000000072c400000, 0x000000072c500000|  0%| F|  |TAMS 0x000000072c400000, 0x000000072c400000| Untracked 
| 423|0x000000072c500000, 0x000000072c500000, 0x000000072c600000|  0%| F|  |TAMS 0x000000072c500000, 0x000000072c500000| Untracked 
| 424|0x000000072c600000, 0x000000072c600000, 0x000000072c700000|  0%| F|  |TAMS 0x000000072c600000, 0x000000072c600000| Untracked 
| 425|0x000000072c700000, 0x000000072c700000, 0x000000072c800000|  0%| F|  |TAMS 0x000000072c700000, 0x000000072c700000| Untracked 
| 426|0x000000072c800000, 0x000000072c800000, 0x000000072c900000|  0%| F|  |TAMS 0x000000072c800000, 0x000000072c800000| Untracked 
| 427|0x000000072c900000, 0x000000072c900000, 0x000000072ca00000|  0%| F|  |TAMS 0x000000072c900000, 0x000000072c900000| Untracked 
| 428|0x000000072ca00000, 0x000000072ca00000, 0x000000072cb00000|  0%| F|  |TAMS 0x000000072ca00000, 0x000000072ca00000| Untracked 
| 429|0x000000072cb00000, 0x000000072cb00000, 0x000000072cc00000|  0%| F|  |TAMS 0x000000072cb00000, 0x000000072cb00000| Untracked 
| 430|0x000000072cc00000, 0x000000072cc00000, 0x000000072cd00000|  0%| F|  |TAMS 0x000000072cc00000, 0x000000072cc00000| Untracked 
| 431|0x000000072cd00000, 0x000000072cd00000, 0x000000072ce00000|  0%| F|  |TAMS 0x000000072cd00000, 0x000000072cd00000| Untracked 
| 432|0x000000072ce00000, 0x000000072ce00000, 0x000000072cf00000|  0%| F|  |TAMS 0x000000072ce00000, 0x000000072ce00000| Untracked 
| 433|0x000000072cf00000, 0x000000072cf00000, 0x000000072d000000|  0%| F|  |TAMS 0x000000072cf00000, 0x000000072cf00000| Untracked 
| 434|0x000000072d000000, 0x000000072d000000, 0x000000072d100000|  0%| F|  |TAMS 0x000000072d000000, 0x000000072d000000| Untracked 
| 435|0x000000072d100000, 0x000000072d100000, 0x000000072d200000|  0%| F|  |TAMS 0x000000072d100000, 0x000000072d100000| Untracked 
| 436|0x000000072d200000, 0x000000072d200000, 0x000000072d300000|  0%| F|  |TAMS 0x000000072d200000, 0x000000072d200000| Untracked 
| 437|0x000000072d300000, 0x000000072d300000, 0x000000072d400000|  0%| F|  |TAMS 0x000000072d300000, 0x000000072d300000| Untracked 
| 438|0x000000072d400000, 0x000000072d400000, 0x000000072d500000|  0%| F|  |TAMS 0x000000072d400000, 0x000000072d400000| Untracked 
| 439|0x000000072d500000, 0x000000072d500000, 0x000000072d600000|  0%| F|  |TAMS 0x000000072d500000, 0x000000072d500000| Untracked 
| 440|0x000000072d600000, 0x000000072d600000, 0x000000072d700000|  0%| F|  |TAMS 0x000000072d600000, 0x000000072d600000| Untracked 
| 441|0x000000072d700000, 0x000000072d700000, 0x000000072d800000|  0%| F|  |TAMS 0x000000072d700000, 0x000000072d700000| Untracked 
| 442|0x000000072d800000, 0x000000072d800000, 0x000000072d900000|  0%| F|  |TAMS 0x000000072d800000, 0x000000072d800000| Untracked 
| 443|0x000000072d900000, 0x000000072d900000, 0x000000072da00000|  0%| F|  |TAMS 0x000000072d900000, 0x000000072d900000| Untracked 
| 444|0x000000072da00000, 0x000000072da00000, 0x000000072db00000|  0%| F|  |TAMS 0x000000072da00000, 0x000000072da00000| Untracked 
| 445|0x000000072db00000, 0x000000072db00000, 0x000000072dc00000|  0%| F|  |TAMS 0x000000072db00000, 0x000000072db00000| Untracked 
| 446|0x000000072dc00000, 0x000000072dc00000, 0x000000072dd00000|  0%| F|  |TAMS 0x000000072dc00000, 0x000000072dc00000| Untracked 
| 447|0x000000072dd00000, 0x000000072dd00000, 0x000000072de00000|  0%| F|  |TAMS 0x000000072dd00000, 0x000000072dd00000| Untracked 
| 448|0x000000072de00000, 0x000000072de00000, 0x000000072df00000|  0%| F|  |TAMS 0x000000072de00000, 0x000000072de00000| Untracked 
| 449|0x000000072df00000, 0x000000072df00000, 0x000000072e000000|  0%| F|  |TAMS 0x000000072df00000, 0x000000072df00000| Untracked 
| 450|0x000000072e000000, 0x000000072e000000, 0x000000072e100000|  0%| F|  |TAMS 0x000000072e000000, 0x000000072e000000| Untracked 
| 451|0x000000072e100000, 0x000000072e100000, 0x000000072e200000|  0%| F|  |TAMS 0x000000072e100000, 0x000000072e100000| Untracked 
| 452|0x000000072e200000, 0x000000072e200000, 0x000000072e300000|  0%| F|  |TAMS 0x000000072e200000, 0x000000072e200000| Untracked 
| 453|0x000000072e300000, 0x000000072e300000, 0x000000072e400000|  0%| F|  |TAMS 0x000000072e300000, 0x000000072e300000| Untracked 
| 454|0x000000072e400000, 0x000000072e400000, 0x000000072e500000|  0%| F|  |TAMS 0x000000072e400000, 0x000000072e400000| Untracked 
| 455|0x000000072e500000, 0x000000072e500000, 0x000000072e600000|  0%| F|  |TAMS 0x000000072e500000, 0x000000072e500000| Untracked 
| 456|0x000000072e600000, 0x000000072e600000, 0x000000072e700000|  0%| F|  |TAMS 0x000000072e600000, 0x000000072e600000| Untracked 
| 457|0x000000072e700000, 0x000000072e700000, 0x000000072e800000|  0%| F|  |TAMS 0x000000072e700000, 0x000000072e700000| Untracked 
| 458|0x000000072e800000, 0x000000072e800000, 0x000000072e900000|  0%| F|  |TAMS 0x000000072e800000, 0x000000072e800000| Untracked 
| 459|0x000000072e900000, 0x000000072e900000, 0x000000072ea00000|  0%| F|  |TAMS 0x000000072e900000, 0x000000072e900000| Untracked 
| 460|0x000000072ea00000, 0x000000072ea00000, 0x000000072eb00000|  0%| F|  |TAMS 0x000000072ea00000, 0x000000072ea00000| Untracked 
| 461|0x000000072eb00000, 0x000000072eb00000, 0x000000072ec00000|  0%| F|  |TAMS 0x000000072eb00000, 0x000000072eb00000| Untracked 
| 462|0x000000072ec00000, 0x000000072ec00000, 0x000000072ed00000|  0%| F|  |TAMS 0x000000072ec00000, 0x000000072ec00000| Untracked 
| 463|0x000000072ed00000, 0x000000072ed00000, 0x000000072ee00000|  0%| F|  |TAMS 0x000000072ed00000, 0x000000072ed00000| Untracked 
| 464|0x000000072ee00000, 0x000000072ee00000, 0x000000072ef00000|  0%| F|  |TAMS 0x000000072ee00000, 0x000000072ee00000| Untracked 
| 465|0x000000072ef00000, 0x000000072ef00000, 0x000000072f000000|  0%| F|  |TAMS 0x000000072ef00000, 0x000000072ef00000| Untracked 
| 466|0x000000072f000000, 0x000000072f000000, 0x000000072f100000|  0%| F|  |TAMS 0x000000072f000000, 0x000000072f000000| Untracked 
| 467|0x000000072f100000, 0x000000072f100000, 0x000000072f200000|  0%| F|  |TAMS 0x000000072f100000, 0x000000072f100000| Untracked 
| 468|0x000000072f200000, 0x000000072f200000, 0x000000072f300000|  0%| F|  |TAMS 0x000000072f200000, 0x000000072f200000| Untracked 
| 469|0x000000072f300000, 0x000000072f300000, 0x000000072f400000|  0%| F|  |TAMS 0x000000072f300000, 0x000000072f300000| Untracked 
| 470|0x000000072f400000, 0x000000072f400000, 0x000000072f500000|  0%| F|  |TAMS 0x000000072f400000, 0x000000072f400000| Untracked 
| 471|0x000000072f500000, 0x000000072f500000, 0x000000072f600000|  0%| F|  |TAMS 0x000000072f500000, 0x000000072f500000| Untracked 
| 472|0x000000072f600000, 0x000000072f600000, 0x000000072f700000|  0%| F|  |TAMS 0x000000072f600000, 0x000000072f600000| Untracked 
| 473|0x000000072f700000, 0x000000072f700000, 0x000000072f800000|  0%| F|  |TAMS 0x000000072f700000, 0x000000072f700000| Untracked 
| 474|0x000000072f800000, 0x000000072f800000, 0x000000072f900000|  0%| F|  |TAMS 0x000000072f800000, 0x000000072f800000| Untracked 
| 475|0x000000072f900000, 0x000000072f900000, 0x000000072fa00000|  0%| F|  |TAMS 0x000000072f900000, 0x000000072f900000| Untracked 
| 476|0x000000072fa00000, 0x000000072fa00000, 0x000000072fb00000|  0%| F|  |TAMS 0x000000072fa00000, 0x000000072fa00000| Untracked 
| 477|0x000000072fb00000, 0x000000072fb00000, 0x000000072fc00000|  0%| F|  |TAMS 0x000000072fb00000, 0x000000072fb00000| Untracked 
| 478|0x000000072fc00000, 0x000000072fc00000, 0x000000072fd00000|  0%| F|  |TAMS 0x000000072fc00000, 0x000000072fc00000| Untracked 
| 479|0x000000072fd00000, 0x000000072fd00000, 0x000000072fe00000|  0%| F|  |TAMS 0x000000072fd00000, 0x000000072fd00000| Untracked 
| 480|0x000000072fe00000, 0x000000072fe00000, 0x000000072ff00000|  0%| F|  |TAMS 0x000000072fe00000, 0x000000072fe00000| Untracked 
| 481|0x000000072ff00000, 0x000000072ff00000, 0x0000000730000000|  0%| F|  |TAMS 0x000000072ff00000, 0x000000072ff00000| Untracked 
| 482|0x0000000730000000, 0x0000000730000000, 0x0000000730100000|  0%| F|  |TAMS 0x0000000730000000, 0x0000000730000000| Untracked 
| 483|0x0000000730100000, 0x0000000730100000, 0x0000000730200000|  0%| F|  |TAMS 0x0000000730100000, 0x0000000730100000| Untracked 
| 484|0x0000000730200000, 0x0000000730200000, 0x0000000730300000|  0%| F|  |TAMS 0x0000000730200000, 0x0000000730200000| Untracked 
| 485|0x0000000730300000, 0x0000000730300000, 0x0000000730400000|  0%| F|  |TAMS 0x0000000730300000, 0x0000000730300000| Untracked 
| 486|0x0000000730400000, 0x0000000730400000, 0x0000000730500000|  0%| F|  |TAMS 0x0000000730400000, 0x0000000730400000| Untracked 
| 487|0x0000000730500000, 0x0000000730500000, 0x0000000730600000|  0%| F|  |TAMS 0x0000000730500000, 0x0000000730500000| Untracked 
| 488|0x0000000730600000, 0x0000000730600000, 0x0000000730700000|  0%| F|  |TAMS 0x0000000730600000, 0x0000000730600000| Untracked 
| 489|0x0000000730700000, 0x0000000730700000, 0x0000000730800000|  0%| F|  |TAMS 0x0000000730700000, 0x0000000730700000| Untracked 
| 490|0x0000000730800000, 0x0000000730800000, 0x0000000730900000|  0%| F|  |TAMS 0x0000000730800000, 0x0000000730800000| Untracked 
| 491|0x0000000730900000, 0x0000000730900000, 0x0000000730a00000|  0%| F|  |TAMS 0x0000000730900000, 0x0000000730900000| Untracked 
| 492|0x0000000730a00000, 0x0000000730a00000, 0x0000000730b00000|  0%| F|  |TAMS 0x0000000730a00000, 0x0000000730a00000| Untracked 
| 493|0x0000000730b00000, 0x0000000730b00000, 0x0000000730c00000|  0%| F|  |TAMS 0x0000000730b00000, 0x0000000730b00000| Untracked 
| 494|0x0000000730c00000, 0x0000000730c00000, 0x0000000730d00000|  0%| F|  |TAMS 0x0000000730c00000, 0x0000000730c00000| Untracked 
| 495|0x0000000730d00000, 0x0000000730d00000, 0x0000000730e00000|  0%| F|  |TAMS 0x0000000730d00000, 0x0000000730d00000| Untracked 
| 496|0x0000000730e00000, 0x0000000730e00000, 0x0000000730f00000|  0%| F|  |TAMS 0x0000000730e00000, 0x0000000730e00000| Untracked 
| 497|0x0000000730f00000, 0x0000000730f00000, 0x0000000731000000|  0%| F|  |TAMS 0x0000000730f00000, 0x0000000730f00000| Untracked 
| 498|0x0000000731000000, 0x0000000731000000, 0x0000000731100000|  0%| F|  |TAMS 0x0000000731000000, 0x0000000731000000| Untracked 
| 499|0x0000000731100000, 0x0000000731100000, 0x0000000731200000|  0%| F|  |TAMS 0x0000000731100000, 0x0000000731100000| Untracked 

Card table byte_map: [0x00000183d7b20000,0x00000183d82a0000] _byte_map_base: 0x00000183d4291000

Marking Bits (Prev, Next): (CMBitMap*) 0x00000183bdc01f88, (CMBitMap*) 0x00000183bdc01fc8
 Prev Bits: [0x00000183d8a20000, 0x00000183dc5a8000)
 Next Bits: [0x00000183dc5b0000, 0x00000183e0138000)

Polling page: 0x00000183bd9e0000

Metaspace:

Usage:
  Non-class:      4.31 MB capacity,     1.33 MB ( 31%) used,     2.98 MB ( 69%) free+waste,     3.19 KB ( <1%) overhead. 
      Class:    451.00 KB capacity,    95.30 KB ( 21%) used,   353.76 KB ( 78%) free+waste,     1.94 KB ( <1%) overhead. 
       Both:      4.75 MB capacity,     1.42 MB ( 30%) used,     3.32 MB ( 70%) free+waste,     5.13 KB ( <1%) overhead. 

Virtual space:
  Non-class space:        8.00 MB reserved,       4.50 MB ( 56%) committed 
      Class space:        1.00 GB reserved,     512.00 KB ( <1%) committed 
             Both:        1.01 GB reserved,       5.00 MB ( <1%) committed 

Chunk freelists:
   Non-Class:  3.00 KB
       Class:  0 bytes
        Both:  3.00 KB

MaxMetaspaceSize: 17179869184.00 GB
CompressedClassSpaceSize: 1.00 GB

CodeHeap 'non-profiled nmethods': size=120000Kb used=841Kb max_used=841Kb free=119158Kb
 bounds [0x00000183cf350000, 0x00000183cf5c0000, 0x00000183d6880000]
CodeHeap 'profiled nmethods': size=120000Kb used=1737Kb max_used=1737Kb free=118262Kb
 bounds [0x00000183c7e20000, 0x00000183c8090000, 0x00000183cf350000]
CodeHeap 'non-nmethods': size=5760Kb used=1135Kb max_used=1182Kb free=4624Kb
 bounds [0x00000183c7880000, 0x00000183c7af0000, 0x00000183c7e20000]
 total_blobs=1925 nmethods=839 adapters=285
 compilation: enabled
              stopped_count=0, restarted_count=0
 full_count=0

Compilation events (20 events):
Event: 4.507 Thread 0x00000183e2caf800 nmethod 836 0x00000183c7fcc490 code [0x00000183c7fcc6e0, 0x00000183c7fcd200]
Event: 4.522 Thread 0x00000183e2caf800  837       3       java.util.Locale::getUnicodeLocaleType (55 bytes)
Event: 4.523 Thread 0x00000183e2caf800 nmethod 837 0x00000183c7fcd610 code [0x00000183c7fcd8c0, 0x00000183c7fce580]
Event: 4.523 Thread 0x00000183e2caf800  838       3       java.util.Locale::isUnicodeExtensionKey (21 bytes)
Event: 4.523 Thread 0x00000183e2caf800 nmethod 838 0x00000183c7fce990 code [0x00000183c7fcebe0, 0x00000183c7fcf690]
Event: 4.537 Thread 0x00000183e2caf800  840       3       sun.util.calendar.ZoneInfo::getTransitionIndex (156 bytes)
Event: 4.537 Thread 0x00000183e2caf800 nmethod 840 0x00000183c7fcfa10 code [0x00000183c7fcfbe0, 0x00000183c7fd00f8]
Event: 4.537 Thread 0x00000183e2caf800  839       3       sun.util.calendar.ZoneInfo::getOffsets (276 bytes)
Event: 4.537 Thread 0x00000183e46b3800  841       4       java.lang.AbstractStringBuilder::appendChars (207 bytes)
Event: 4.538 Thread 0x00000183e2caf800 nmethod 839 0x00000183c7fd0310 code [0x00000183c7fd0580, 0x00000183c7fd1250]
Event: 4.539 Thread 0x00000183e46b3800 nmethod 841 0x00000183cf421b10 code [0x00000183cf421ca0, 0x00000183cf421e78]
Event: 4.543 Thread 0x00000183e46b3800  842       4       java.nio.ByteBuffer::position (8 bytes)
Event: 4.544 Thread 0x00000183e46b3800 nmethod 842 0x00000183cf422010 code [0x00000183cf4221a0, 0x00000183cf422278]
Event: 4.552 Thread 0x00000183e2caf800  843       1       java.util.Calendar::setLenient (6 bytes)
Event: 4.552 Thread 0x00000183e2caf800 nmethod 843 0x00000183cf422390 code [0x00000183cf422520, 0x00000183cf422658]
Event: 4.552 Thread 0x00000183e2caf800  844       3       java.util.Calendar::setTimeInMillis (84 bytes)
Event: 4.553 Thread 0x00000183e2caf800 nmethod 844 0x00000183c7fd1790 code [0x00000183c7fd1960, 0x00000183c7fd1f90]
Event: 4.562 Thread 0x00000183e2caf800  845       3       java.nio.CharBuffer::limit (6 bytes)
Event: 4.562 Thread 0x00000183e2caf800 nmethod 845 0x00000183c7fd2090 code [0x00000183c7fd2240, 0x00000183c7fd2470]
Event: 4.568 Thread 0x00000183e2caf800  846       3       java.lang.ref.PhantomReference::<init> (7 bytes)

GC Heap History (20 events):
Event: 3.158 GC heap after
{Heap after GC invocations=5 (full 0):
 garbage-first heap   total 245760K, used 50472K [0x0000000711e00000, 0x0000000800000000)
  region size 1024K, 14 young (14336K), 14 survivors (14336K)
 Metaspace       used 1224K, capacity 4855K, committed 5120K, reserved 1056768K
  class space    used 85K, capacity 448K, committed 512K, reserved 1048576K
}
Event: 3.212 GC heap before
{Heap before GC invocations=5 (full 0):
 garbage-first heap   total 245760K, used 150824K [0x0000000711e00000, 0x0000000800000000)
  region size 1024K, 112 young (114688K), 14 survivors (14336K)
 Metaspace       used 1224K, capacity 4855K, committed 5120K, reserved 1056768K
  class space    used 85K, capacity 448K, committed 512K, reserved 1048576K
}
Event: 3.236 GC heap after
{Heap after GC invocations=6 (full 0):
 garbage-first heap   total 245760K, used 67557K [0x0000000711e00000, 0x0000000800000000)
  region size 1024K, 14 young (14336K), 14 survivors (14336K)
 Metaspace       used 1224K, capacity 4855K, committed 5120K, reserved 1056768K
  class space    used 85K, capacity 448K, committed 512K, reserved 1048576K
}
Event: 3.306 GC heap before
{Heap before GC invocations=6 (full 0):
 garbage-first heap   total 245760K, used 164837K [0x0000000711e00000, 0x0000000800000000)
  region size 1024K, 109 young (111616K), 14 survivors (14336K)
 Metaspace       used 1224K, capacity 4855K, committed 5120K, reserved 1056768K
  class space    used 85K, capacity 448K, committed 512K, reserved 1048576K
}
Event: 3.334 GC heap after
{Heap after GC invocations=7 (full 0):
 garbage-first heap   total 319488K, used 93184K [0x0000000711e00000, 0x0000000800000000)
  region size 1024K, 14 young (14336K), 14 survivors (14336K)
 Metaspace       used 1224K, capacity 4855K, committed 5120K, reserved 1056768K
  class space    used 85K, capacity 448K, committed 512K, reserved 1048576K
}
Event: 3.426 GC heap before
{Heap before GC invocations=7 (full 0):
 garbage-first heap   total 319488K, used 201728K [0x0000000711e00000, 0x0000000800000000)
  region size 1024K, 120 young (122880K), 14 survivors (14336K)
 Metaspace       used 1225K, capacity 4855K, committed 5120K, reserved 1056768K
  class space    used 85K, capacity 448K, committed 512K, reserved 1048576K
}
Event: 3.444 GC heap after
{Heap after GC invocations=8 (full 0):
 garbage-first heap   total 319488K, used 110592K [0x0000000711e00000, 0x0000000800000000)
  region size 1024K, 15 young (15360K), 15 survivors (15360K)
 Metaspace       used 1225K, capacity 4855K, committed 5120K, reserved 1056768K
  class space    used 85K, capacity 448K, committed 512K, reserved 1048576K
}
Event: 3.525 GC heap before
{Heap before GC invocations=8 (full 0):
 garbage-first heap   total 319488K, used 220160K [0x0000000711e00000, 0x0000000800000000)
  region size 1024K, 122 young (124928K), 15 survivors (15360K)
 Metaspace       used 1240K, capacity 4855K, committed 5120K, reserved 1056768K
  class space    used 85K, capacity 448K, committed 512K, reserved 1048576K
}
Event: 3.550 GC heap after
{Heap after GC invocations=9 (full 0):
 garbage-first heap   total 319488K, used 131534K [0x0000000711e00000, 0x0000000800000000)
  region size 1024K, 16 young (16384K), 16 survivors (16384K)
 Metaspace       used 1240K, capacity 4855K, committed 5120K, reserved 1056768K
  class space    used 85K, capacity 448K, committed 512K, reserved 1048576K
}
Event: 3.602 GC heap before
{Heap before GC invocations=9 (full 0):
 garbage-first heap   total 319488K, used 229838K [0x0000000711e00000, 0x0000000800000000)
  region size 1024K, 112 young (114688K), 16 survivors (16384K)
 Metaspace       used 1240K, capacity 4855K, committed 5120K, reserved 1056768K
  class space    used 85K, capacity 448K, committed 512K, reserved 1048576K
}
Event: 3.621 GC heap after
{Heap after GC invocations=10 (full 0):
 garbage-first heap   total 319488K, used 148480K [0x0000000711e00000, 0x0000000800000000)
  region size 1024K, 14 young (14336K), 14 survivors (14336K)
 Metaspace       used 1240K, capacity 4855K, committed 5120K, reserved 1056768K
  class space    used 85K, capacity 448K, committed 512K, reserved 1048576K
}
Event: 3.672 GC heap before
{Heap before GC invocations=10 (full 0):
 garbage-first heap   total 319488K, used 240640K [0x0000000711e00000, 0x0000000800000000)
  region size 1024K, 104 young (106496K), 14 survivors (14336K)
 Metaspace       used 1240K, capacity 4855K, committed 5120K, reserved 1056768K
  class space    used 85K, capacity 448K, committed 512K, reserved 1048576K
}
Event: 3.692 GC heap after
{Heap after GC invocations=11 (full 0):
 garbage-first heap   total 512000K, used 166912K [0x0000000711e00000, 0x0000000800000000)
  region size 1024K, 13 young (13312K), 13 survivors (13312K)
 Metaspace       used 1240K, capacity 4855K, committed 5120K, reserved 1056768K
  class space    used 85K, capacity 448K, committed 512K, reserved 1048576K
}
Event: 3.877 GC heap before
{Heap before GC invocations=11 (full 0):
 garbage-first heap   total 512000K, used 313344K [0x0000000711e00000, 0x0000000800000000)
  region size 1024K, 156 young (159744K), 13 survivors (13312K)
 Metaspace       used 1247K, capacity 4855K, committed 5120K, reserved 1056768K
  class space    used 85K, capacity 448K, committed 512K, reserved 1048576K
}
Event: 3.899 GC heap after
{Heap after GC invocations=12 (full 0):
 garbage-first heap   total 512000K, used 186587K [0x0000000711e00000, 0x0000000800000000)
  region size 1024K, 19 young (19456K), 19 survivors (19456K)
 Metaspace       used 1247K, capacity 4855K, committed 5120K, reserved 1056768K
  class space    used 85K, capacity 448K, committed 512K, reserved 1048576K
}
Event: 4.041 GC heap before
{Heap before GC invocations=12 (full 0):
 garbage-first heap   total 512000K, used 343259K [0x0000000711e00000, 0x0000000800000000)
  region size 1024K, 172 young (176128K), 19 survivors (19456K)
 Metaspace       used 1310K, capacity 4855K, committed 5120K, reserved 1056768K
  class space    used 91K, capacity 448K, committed 512K, reserved 1048576K
}
Event: 4.057 GC heap after
{Heap after GC invocations=13 (full 0):
 garbage-first heap   total 512000K, used 189195K [0x0000000711e00000, 0x0000000800000000)
  region size 1024K, 3 young (3072K), 3 survivors (3072K)
 Metaspace       used 1310K, capacity 4855K, committed 5120K, reserved 1056768K
  class space    used 91K, capacity 448K, committed 512K, reserved 1048576K
}
Event: 4.188 GC heap before
{Heap before GC invocations=13 (full 0):
 garbage-first heap   total 512000K, used 381707K [0x0000000711e00000, 0x0000000800000000)
  region size 1024K, 191 young (195584K), 3 survivors (3072K)
 Metaspace       used 1310K, capacity 4855K, committed 5120K, reserved 1056768K
  class space    used 91K, capacity 448K, committed 512K, reserved 1048576K
}
Event: 4.193 GC heap after
{Heap after GC invocations=14 (full 0):
 garbage-first heap   total 512000K, used 187645K [0x0000000711e00000, 0x0000000800000000)
  region size 1024K, 1 young (1024K), 1 survivors (1024K)
 Metaspace       used 1310K, capacity 4855K, committed 5120K, reserved 1056768K
  class space    used 91K, capacity 448K, committed 512K, reserved 1048576K
}
Event: 4.568 GC heap before
{Heap before GC invocations=14 (full 0):
 garbage-first heap   total 512000K, used 404733K [0x0000000711e00000, 0x0000000800000000)
  region size 1024K, 213 young (218112K), 1 survivors (1024K)
 Metaspace       used 1454K, capacity 4864K, committed 5120K, reserved 1056768K
  class space    used 95K, capacity 451K, committed 512K, reserved 1048576K
}

Deoptimization events (20 events):
Event: 4.404 Thread 0x00000183bdaeb000 DEOPT PACKING pc=0x00000183c7fb30df sp=0x0000002763cfed90
Event: 4.404 Thread 0x00000183bdaeb000 DEOPT UNPACKING pc=0x00000183c78c964e sp=0x0000002763cfe308 mode 0
Event: 4.404 Thread 0x00000183bdaeb000 DEOPT PACKING pc=0x00000183c7fb30df sp=0x0000002763cfed90
Event: 4.404 Thread 0x00000183bdaeb000 DEOPT UNPACKING pc=0x00000183c78c964e sp=0x0000002763cfe308 mode 0
Event: 4.405 Thread 0x00000183bdaeb000 DEOPT PACKING pc=0x00000183c7fb30df sp=0x0000002763cfed90
Event: 4.405 Thread 0x00000183bdaeb000 DEOPT UNPACKING pc=0x00000183c78c964e sp=0x0000002763cfe308 mode 0
Event: 4.405 Thread 0x00000183bdaeb000 DEOPT PACKING pc=0x00000183c7fb30df sp=0x0000002763cfed80
Event: 4.405 Thread 0x00000183bdaeb000 DEOPT UNPACKING pc=0x00000183c78c964e sp=0x0000002763cfe2f8 mode 0
Event: 4.407 Thread 0x00000183bdaeb000 DEOPT PACKING pc=0x00000183c7fb324b sp=0x0000002763cfed80
Event: 4.407 Thread 0x00000183bdaeb000 DEOPT UNPACKING pc=0x00000183c78c964e sp=0x0000002763cfe2f8 mode 0
Event: 4.408 Thread 0x00000183bdaeb000 DEOPT PACKING pc=0x00000183c7fb30df sp=0x0000002763cfed80
Event: 4.408 Thread 0x00000183bdaeb000 DEOPT UNPACKING pc=0x00000183c78c964e sp=0x0000002763cfe2f8 mode 0
Event: 4.408 Thread 0x00000183bdaeb000 DEOPT PACKING pc=0x00000183c7fb30df sp=0x0000002763cfed80
Event: 4.408 Thread 0x00000183bdaeb000 DEOPT UNPACKING pc=0x00000183c78c964e sp=0x0000002763cfe2f8 mode 0
Event: 4.410 Thread 0x00000183bdaeb000 DEOPT PACKING pc=0x00000183c7fb324b sp=0x0000002763cfed80
Event: 4.410 Thread 0x00000183bdaeb000 DEOPT UNPACKING pc=0x00000183c78c964e sp=0x0000002763cfe2f8 mode 0
Event: 4.411 Thread 0x00000183bdaeb000 DEOPT PACKING pc=0x00000183c7fb30df sp=0x0000002763cfed80
Event: 4.411 Thread 0x00000183bdaeb000 DEOPT UNPACKING pc=0x00000183c78c964e sp=0x0000002763cfe2f8 mode 0
Event: 4.419 Thread 0x00000183bdaeb000 DEOPT PACKING pc=0x00000183c7fb9074 sp=0x0000002763cfef40
Event: 4.419 Thread 0x00000183bdaeb000 DEOPT UNPACKING pc=0x00000183c78c964e sp=0x0000002763cfe3b8 mode 0

Classes unloaded (0 events):
No events

Classes redefined (0 events):
No events

Internal exceptions (1 events):
Event: 0.099 Thread 0x00000183bdaeb000 Exception <a 'java/lang/NoSuchMethodError'{0x0000000720c01cf8}: 'int java.lang.invoke.DirectMethodHandle$Holder.invokeSpecialIFC(java.lang.Object, java.lang.Object, int)'> (0x0000000720c01cf8) 
thrown [t:/workspace/open/src/hotspot/share/interpreter/linkResolver.cpp, line 767]

Events (20 events):
Event: 3.965 loading class jdk/internal/math/FloatingDecimal$1
Event: 3.965 loading class jdk/internal/math/FloatingDecimal$1 done
Event: 3.965 loading class jdk/internal/math/FloatingDecimal$PreparedASCIIToBinaryBuffer
Event: 3.965 loading class jdk/internal/math/FloatingDecimal$ASCIIToBinaryConverter
Event: 3.965 loading class jdk/internal/math/FloatingDecimal$ASCIIToBinaryConverter done
Event: 3.965 loading class jdk/internal/math/FloatingDecimal$PreparedASCIIToBinaryBuffer done
Event: 3.965 loading class jdk/internal/math/FDBigInteger
Event: 3.965 loading class jdk/internal/math/FDBigInteger done
Event: 4.041 Executing VM operation: G1CollectForAllocation
Event: 4.057 Executing VM operation: G1CollectForAllocation done
Event: 4.188 Executing VM operation: G1CollectForAllocation
Event: 4.193 Executing VM operation: G1CollectForAllocation done
Event: 4.267 Thread 0x00000183e46b3800 Thread exited: 0x00000183e46b3800
Event: 4.267 Thread 0x00000183e3f9b800 Thread exited: 0x00000183e3f9b800
Event: 4.306 Thread 0x00000183e46b3800 Thread added: 0x00000183e46b3800
Event: 4.313 loading class org/alicebot/ab/utils/CalendarUtils
Event: 4.313 loading class org/alicebot/ab/utils/CalendarUtils done
Event: 4.324 Thread 0x00000183e47bd800 Thread added: 0x00000183e47bd800
Event: 4.537 Thread 0x00000183e47bd800 Thread exited: 0x00000183e47bd800
Event: 4.568 Executing VM operation: G1CollectForAllocation


Dynamic libraries:
0x00007ff6976a0000 - 0x00007ff6976af000 	D:\java\JDK\bin\javaw.exe
0x00007ffa0a9a0000 - 0x00007ffa0ab90000 	C:\Windows\SYSTEM32\ntdll.dll
0x00007ffa09cd0000 - 0x00007ffa09d82000 	C:\Windows\System32\KERNEL32.DLL
0x00007ffa084b0000 - 0x00007ffa08753000 	C:\Windows\System32\KERNELBASE.dll
0x00007ffa083b0000 - 0x00007ffa084aa000 	C:\Windows\System32\ucrtbase.dll
0x00007ff9eeaf0000 - 0x00007ff9eeb05000 	D:\java\JDK\bin\VCRUNTIME140.dll
0x00007ff9eec80000 - 0x00007ff9eec98000 	D:\java\JDK\bin\jli.dll
0x00007ffa0a130000 - 0x00007ffa0a1d3000 	C:\Windows\System32\ADVAPI32.dll
0x00007ffa0a760000 - 0x00007ffa0a7fe000 	C:\Windows\System32\msvcrt.dll
0x00007ffa0a650000 - 0x00007ffa0a6e7000 	C:\Windows\System32\sechost.dll
0x00007ffa09ed0000 - 0x00007ffa09ff0000 	C:\Windows\System32\RPCRT4.dll
0x00007ffa09350000 - 0x00007ffa094e4000 	C:\Windows\System32\USER32.dll
0x00007ffa08880000 - 0x00007ffa088a1000 	C:\Windows\System32\win32u.dll
0x00007ffa08ae0000 - 0x00007ffa08b06000 	C:\Windows\System32\GDI32.dll
0x00007ffa088b0000 - 0x00007ffa08a44000 	C:\Windows\System32\gdi32full.dll
0x00007ffa08760000 - 0x00007ffa087fe000 	C:\Windows\System32\msvcp_win.dll
0x00007ff9f96f0000 - 0x00007ff9f9975000 	C:\Windows\WinSxS\amd64_microsoft.windows.common-controls_6595b64144ccf1df_6.0.18362.592_none_e6c0b1911312be02\COMCTL32.dll
0x00007ffa0a300000 - 0x00007ffa0a636000 	C:\Windows\System32\combase.dll
0x00007ffa08800000 - 0x00007ffa08880000 	C:\Windows\System32\bcryptPrimitives.dll
0x00007ffa006a0000 - 0x00007ffa006aa000 	C:\Windows\SYSTEM32\VERSION.dll
0x00007ffa08ab0000 - 0x00007ffa08ade000 	C:\Windows\System32\IMM32.DLL
0x00007ff9e4240000 - 0x00007ff9e42db000 	D:\java\JDK\bin\msvcp140.dll
0x00007ff99dce0000 - 0x00007ff99e846000 	D:\java\JDK\bin\server\jvm.dll
0x00007ffa0a640000 - 0x00007ffa0a648000 	C:\Windows\System32\PSAPI.DLL
0x00007ffa03bc0000 - 0x00007ffa03bc9000 	C:\Windows\SYSTEM32\WSOCK32.dll
0x00007ffa04500000 - 0x00007ffa04524000 	C:\Windows\SYSTEM32\WINMM.dll
0x00007ffa094f0000 - 0x00007ffa0955f000 	C:\Windows\System32\WS2_32.dll
0x00007ffa04480000 - 0x00007ffa044ad000 	C:\Windows\SYSTEM32\WINMMBASE.dll
0x00007ffa08210000 - 0x00007ffa0825a000 	C:\Windows\System32\cfgmgr32.dll
0x00007ffa07880000 - 0x00007ffa07891000 	C:\Windows\System32\kernel.appcore.dll
0x00007ff9fa1e0000 - 0x00007ff9fa1f0000 	D:\java\JDK\bin\verify.dll
0x00007ffa061c0000 - 0x00007ffa063b4000 	C:\Windows\SYSTEM32\DBGHELP.DLL
0x00007ff9fd600000 - 0x00007ff9fd62a000 	C:\Windows\SYSTEM32\dbgcore.DLL
0x00007ff9f7020000 - 0x00007ff9f7046000 	D:\java\JDK\bin\java.dll
0x00007ff9f8a20000 - 0x00007ff9f8a37000 	D:\java\JDK\bin\zip.dll
0x00007ff9f9280000 - 0x00007ff9f928a000 	D:\java\JDK\bin\jimage.dll
0x00007ffa08b10000 - 0x00007ffa091f5000 	C:\Windows\System32\SHELL32.dll
0x00007ffa09c20000 - 0x00007ffa09cc9000 	C:\Windows\System32\shcore.dll
0x00007ffa079c0000 - 0x00007ffa0813f000 	C:\Windows\System32\windows.storage.dll
0x00007ffa078a0000 - 0x00007ffa078bf000 	C:\Windows\System32\profapi.dll
0x00007ffa078e0000 - 0x00007ffa0792a000 	C:\Windows\System32\powrprof.dll
0x00007ffa07870000 - 0x00007ffa07880000 	C:\Windows\System32\UMPDC.dll
0x00007ffa0a6f0000 - 0x00007ffa0a742000 	C:\Windows\System32\shlwapi.dll
0x00007ffa08140000 - 0x00007ffa08157000 	C:\Windows\System32\cryptsp.dll
0x00007ff9f8700000 - 0x00007ff9f8719000 	D:\java\JDK\bin\net.dll
0x00007ff9faba0000 - 0x00007ff9fac90000 	C:\Windows\SYSTEM32\WINHTTP.dll
0x00007ffa07050000 - 0x00007ffa070b7000 	C:\Windows\system32\mswsock.dll
0x00007ff9f1080000 - 0x00007ff9f1093000 	D:\java\JDK\bin\nio.dll

dbghelp: loaded successfully - version: 4.0.5 - missing functions: none
symbol engine: initialized successfully - sym options: 0x614 - pdb path: .;D:\java\JDK\bin;C:\Windows\SYSTEM32;C:\Windows\WinSxS\amd64_microsoft.windows.common-controls_6595b64144ccf1df_6.0.18362.592_none_e6c0b1911312be02;D:\java\JDK\bin\server

VM Arguments:
jvm_args: -Dfile.encoding=UTF-8 
java_command: Chatbot
java_class_path (initial): C:\Users\JZX\Documents\GitHub\COSC310-A02\A2_New\target\classes;C:\Users\JZX\Documents\GitHub\COSC310-A02\A2_New\lib\Ab.jar
Launcher Type: SUN_STANDARD

[Global flags]
     intx CICompilerCount                          = 4                                         {product} {ergonomic}
     uint ConcGCThreads                            = 2                                         {product} {ergonomic}
     uint G1ConcRefinementThreads                  = 8                                         {product} {ergonomic}
   size_t G1HeapRegionSize                         = 1048576                                   {product} {ergonomic}
    uintx GCDrainStackTargetSize                   = 64                                        {product} {ergonomic}
   size_t InitialHeapSize                          = 251658240                                 {product} {ergonomic}
   size_t MarkStackSize                            = 4194304                                   {product} {ergonomic}
   size_t MaxHeapSize                              = 3995074560                                {product} {ergonomic}
   size_t MaxNewSize                               = 2397044736                                {product} {ergonomic}
   size_t MinHeapDeltaBytes                        = 1048576                                   {product} {ergonomic}
   size_t MinHeapSize                              = 8388608                                   {product} {ergonomic}
    uintx NonNMethodCodeHeapSize                   = 5836300                                {pd product} {ergonomic}
    uintx NonProfiledCodeHeapSize                  = 122910970                              {pd product} {ergonomic}
    uintx ProfiledCodeHeapSize                     = 122910970                              {pd product} {ergonomic}
    uintx ReservedCodeCacheSize                    = 251658240                              {pd product} {ergonomic}
     bool SegmentedCodeCache                       = true                                      {product} {ergonomic}
   size_t SoftMaxHeapSize                          = 3995074560                             {manageable} {ergonomic}
     bool UseCompressedClassPointers               = true                                 {lp64_product} {ergonomic}
     bool UseCompressedOops                        = true                                 {lp64_product} {ergonomic}
     bool UseG1GC                                  = true                                      {product} {ergonomic}
     bool UseLargePagesIndividualAllocation        = false                                  {pd product} {ergonomic}

Logging:
Log output configuration:
 #0: stdout all=warning uptime,level,tags
 #1: stderr all=off uptime,level,tags

Environment Variables:
PATH=D:/java/JDK/bin/server;D:/java/JDK/bin;C:\Windows\system32;C:\Windows;C:\Windows\System32\Wbem;C:\Windows\System32\WindowsPowerShell\v1.0\;C:\Windows\System32\OpenSSH\;C:\Program Files\Git\cmd;C:\Users\JZX\AppData\Local\Microsoft\WindowsApps;C:\Users\JZX\AppData\Local\GitHubDesktop\bin;C:\Users\JZX\Desktop;
USERNAME=JZX
OS=Windows_NT
PROCESSOR_IDENTIFIER=AMD64 Family 23 Model 24 Stepping 1, AuthenticAMD



---------------  S Y S T E M  ---------------

OS: Windows 10 , 64 bit Build 18362 (10.0.18362.329)

CPU:total 8 (initial active 8) (8 cores per cpu, 2 threads per core) family 23 model 24 stepping 1, cmov, cx8, fxsr, mmx, sse, sse2, sse3, ssse3, sse4.1, sse4.2, popcnt, avx, avx2, aes, clmul, mmxext, 3dnowpref, lzcnt, sse4a, ht, tsc, tscinvbit, tscinv, bmi1, bmi2, adx, sha, fma

Memory: 4k page, system-wide physical 15236M (5507M free)
TotalPageFile size 28036M (AvailPageFile size 46M)
current process WorkingSet (physical memory assigned to process): 559M, peak: 562M
current process commit charge ("private bytes"): 633M, peak: 1167M

vm_info: Java HotSpot(TM) 64-Bit Server VM (13.0.1+9) for windows-amd64 JRE (13.0.1+9), built on Oct  6 2019 12:37:49 by "mach5one" with unknown MS VC++:1916

END.
